<?xml version="1.0" encoding="utf-8"?>
<!DOCTYPE coverage SYSTEM "http://cobertura.sourceforge.net/xml/coverage-04.dtd">
<coverage line-rate="0.628272251308901" branch-rate="0.71875" lines-covered="120" lines-valid="191" branches-covered="46" branches-valid="64" complexity="74" version="0" timestamp="1685019198">
  <sources>
    <source>D:\GITHUB\pnipucpp\2c-4sem\csharp\</source>
    <source>C:\</source>
  </sources>
  <packages>
    <package name="lab6" line-rate="0.535211267605634" branch-rate="0.730769230769231" complexity="54">
      <classes>
        <class name="lab6.Program" filename="D:\GITHUB\pnipucpp\2c-4sem\csharp\lab6\Program.cs" line-rate="0.535211267605634" branch-rate="0.730769230769231" complexity="54">
          <methods>
            <method name="ConsoleReadString" signature="()" line-rate="0" branch-rate="0" complexity="2">
              <lines>
                <line number="10" hits="0" branch="false" />
                <line number="12" hits="0" branch="false" />
                <line number="13" hits="0" branch="false" />
                <line number="15" hits="0" branch="false" />
                <line number="16" hits="0" branch="false" />
                <line number="17" hits="0" branch="false" />
                <line number="18" hits="0" branch="true" condition-coverage="0% (0/2)" />
                <line number="19" hits="0" branch="false" />
                <line number="20" hits="0" branch="false" />
                <line number="21" hits="0" branch="false" />
                <line number="22" hits="0" branch="false" />
                <line number="23" hits="0" branch="false" />
                <line number="25" hits="0" branch="false" />
                <line number="27" hits="0" branch="false" />
                <line number="28" hits="0" branch="false" />
                <line number="29" hits="0" branch="false" />
              </lines>
            </method>
            <method name="IsVowel" signature="(...)" line-rate="1" branch-rate="1" complexity="4">
              <lines>
                <line number="32" hits="2" branch="false" />
                <line number="33" hits="2" branch="false" />
                <line number="34" hits="2" branch="false" />
                <line number="35" hits="2" branch="false" />
                <line number="36" hits="2" branch="false" />
                <line number="38" hits="34" branch="true" condition-coverage="100% (2/2)" />
                <line number="39" hits="16" branch="true" condition-coverage="100% (2/2)" />
                <line number="40" hits="1" branch="false" />
                <line number="42" hits="1" branch="false" />
                <line number="43" hits="2" branch="false" />
              </lines>
            </method>
            <method name="RemoveFromArray" signature="(...)" line-rate="1" branch-rate="1" complexity="4">
              <lines>
                <line number="46" hits="2" branch="false" />
                <line number="47" hits="2" branch="false" />
                <line number="48" hits="2" branch="false" />
                <line number="49" hits="8" branch="true" condition-coverage="100% (2/2)" />
                <line number="50" hits="2" branch="false" />
                <line number="52" hits="8" branch="true" condition-coverage="100% (2/2)" />
                <line number="53" hits="2" branch="false" />
                <line number="55" hits="2" branch="false" />
                <line number="56" hits="2" branch="false" />
              </lines>
            </method>
            <method name="RemoveLastVowel" signature="(...)" line-rate="0.846153846153846" branch-rate="0.833333333333333" complexity="6">
              <lines>
                <line number="59" hits="1" branch="false" />
                <line number="60" hits="1" branch="false" />
                <line number="61" hits="2" branch="true" condition-coverage="100% (2/2)" />
                <line number="62" hits="1" branch="false" />
                <line number="63" hits="1" branch="true" condition-coverage="50% (1/2)" />
                <line number="64" hits="1" branch="false" />
                <line number="65" hits="1" branch="false" />
                <line number="66" hits="1" branch="false" />
                <line number="68" hits="0" branch="false" />
                <line number="70" hits="1" branch="true" condition-coverage="100% (2/2)" />
                <line number="71" hits="0" branch="false" />
                <line number="73" hits="1" branch="false" />
                <line number="74" hits="1" branch="false" />
              </lines>
            </method>
            <method name="SwapFirstAndLastSentence" signature="(...)" line-rate="0" branch-rate="1" complexity="1">
              <lines>
                <line number="77" hits="0" branch="false" />
                <line number="78" hits="0" branch="false" />
                <line number="80" hits="0" branch="false" />
                <line number="81" hits="0" branch="false" />
                <line number="82" hits="0" branch="false" />
                <line number="83" hits="0" branch="false" />
                <line number="84" hits="0" branch="false" />
                <line number="86" hits="0" branch="false" />
                <line number="87" hits="0" branch="false" />
              </lines>
            </method>
            <method name="StrChrs" signature="(...)" line-rate="0.916666666666667" branch-rate="0.833333333333333" complexity="6">
              <lines>
                <line number="90" hits="2" branch="false" />
                <line number="91" hits="22" branch="true" condition-coverage="50% (1/2)" />
                <line number="92" hits="11" branch="false" />
                <line number="93" hits="60" branch="true" condition-coverage="100% (2/2)" />
                <line number="94" hits="21" branch="false" />
                <line number="95" hits="21" branch="true" condition-coverage="100% (2/2)" />
                <line number="96" hits="2" branch="false" />
                <line number="97" hits="2" branch="false" />
                <line number="99" hits="19" branch="false" />
                <line number="100" hits="9" branch="false" />
                <line number="101" hits="0" branch="false" />
                <line number="102" hits="2" branch="false" />
              </lines>
            </method>
            <method name="StrrChrs" signature="(...)" line-rate="0.928571428571429" branch-rate="0.875" complexity="8">
              <lines>
                <line number="105" hits="3" branch="false" />
                <line number="106" hits="3" branch="true" condition-coverage="100% (2/2)" />
                <line number="107" hits="2" branch="false" />
                <line number="109" hits="40" branch="true" condition-coverage="50% (1/2)" />
                <line number="110" hits="20" branch="false" />
                <line number="111" hits="148" branch="true" condition-coverage="100% (2/2)" />
                <line number="112" hits="57" branch="false" />
                <line number="113" hits="57" branch="true" condition-coverage="100% (2/2)" />
                <line number="114" hits="3" branch="false" />
                <line number="115" hits="3" branch="false" />
                <line number="117" hits="54" branch="false" />
                <line number="118" hits="17" branch="false" />
                <line number="119" hits="0" branch="false" />
                <line number="120" hits="3" branch="false" />
              </lines>
            </method>
            <method name="IsPrint" signature="(...)" line-rate="1" branch-rate="1" complexity="2">
              <lines>
                <line number="123" hits="3" branch="false" />
                <line number="124" hits="3" branch="true" condition-coverage="100% (2/2)" />
                <line number="125" hits="3" branch="false" />
              </lines>
            </method>
            <method name="SwapFirstAndLastSentence2" signature="(...)" line-rate="0.791666666666667" branch-rate="0.785714285714286" complexity="14">
              <lines>
                <line number="128" hits="1" branch="false" />
                <line number="130" hits="1" branch="false" />
                <line number="132" hits="1" branch="false" />
                <line number="133" hits="1" branch="false" />
                <line number="137" hits="1" branch="true" condition-coverage="100% (2/2)" />
                <line number="138" hits="1" branch="false" />
                <line number="140" hits="1" branch="false" />
                <line number="141" hits="1" branch="false" />
                <line number="144" hits="1" branch="true" condition-coverage="75% (3/4)" />
                <line number="145" hits="0" branch="false" />
                <line number="147" hits="1" branch="false" />
                <line number="148" hits="1" branch="true" condition-coverage="50% (1/2)" />
                <line number="149" hits="0" branch="false" />
                <line number="151" hits="1" branch="false" />
                <line number="152" hits="1" branch="true" condition-coverage="50% (1/2)" />
                <line number="153" hits="0" branch="false" />
                <line number="155" hits="1" branch="false" />
                <line number="156" hits="1" branch="true" condition-coverage="100% (2/2)" />
                <line number="157" hits="0" branch="false" />
                <line number="159" hits="1" branch="false" />
                <line number="160" hits="1" branch="true" condition-coverage="100% (2/2)" />
                <line number="161" hits="0" branch="false" />
                <line number="163" hits="1" branch="false" />
                <line number="165" hits="1" branch="false" />
              </lines>
            </method>
            <method name="PrintMenuItems" signature="()" line-rate="0" branch-rate="1" complexity="1">
              <lines>
                <line number="168" hits="0" branch="false" />
                <line number="169" hits="0" branch="false" />
                <line number="170" hits="0" branch="false" />
                <line number="171" hits="0" branch="false" />
                <line number="172" hits="0" branch="false" />
              </lines>
            </method>
            <method name="Main" signature="(...)" line-rate="0" branch-rate="0" complexity="6">
              <lines>
                <line number="175" hits="0" branch="false" />
                <line number="177" hits="0" branch="false" />
                <line number="179" hits="0" branch="false" />
                <line number="180" hits="0" branch="false" />
                <line number="182" hits="0" branch="false" />
                <line number="183" hits="0" branch="false" />
                <line number="184" hits="0" branch="false" />
                <line number="185" hits="0" branch="true" condition-coverage="0% (0/4)" />
                <line number="188" hits="0" branch="false" />
                <line number="189" hits="0" branch="false" />
                <line number="190" hits="0" branch="false" />
                <line number="191" hits="0" branch="false" />
                <line number="194" hits="0" branch="false" />
                <line number="195" hits="0" branch="false" />
                <line number="196" hits="0" branch="false" />
                <line number="197" hits="0" branch="false" />
                <line number="200" hits="0" branch="false" />
                <line number="201" hits="0" branch="false" />
                <line number="204" hits="0" branch="false" />
                <line number="205" hits="0" branch="false" />
                <line number="207" hits="0" branch="false" />
                <line number="208" hits="0" branch="false" />
                <line number="209" hits="0" branch="false" />
                <line number="210" hits="0" branch="false" />
                <line number="211" hits="0" branch="false" />
                <line number="212" hits="0" branch="true" condition-coverage="0% (0/2)" />
                <line number="213" hits="0" branch="false" />
              </lines>
            </method>
          </methods>
          <lines>
            <line number="10" hits="0" branch="false" />
            <line number="12" hits="0" branch="false" />
            <line number="13" hits="0" branch="false" />
            <line number="15" hits="0" branch="false" />
            <line number="16" hits="0" branch="false" />
            <line number="17" hits="0" branch="false" />
            <line number="18" hits="0" branch="true" condition-coverage="0% (0/2)" />
            <line number="19" hits="0" branch="false" />
            <line number="20" hits="0" branch="false" />
            <line number="21" hits="0" branch="false" />
            <line number="22" hits="0" branch="false" />
            <line number="23" hits="0" branch="false" />
            <line number="25" hits="0" branch="false" />
            <line number="27" hits="0" branch="false" />
            <line number="28" hits="0" branch="false" />
            <line number="29" hits="0" branch="false" />
            <line number="32" hits="2" branch="false" />
            <line number="33" hits="2" branch="false" />
            <line number="34" hits="2" branch="false" />
            <line number="35" hits="2" branch="false" />
            <line number="36" hits="2" branch="false" />
            <line number="38" hits="34" branch="true" condition-coverage="100% (2/2)" />
            <line number="39" hits="16" branch="true" condition-coverage="100% (2/2)" />
            <line number="40" hits="1" branch="false" />
            <line number="42" hits="1" branch="false" />
            <line number="43" hits="2" branch="false" />
            <line number="46" hits="2" branch="false" />
            <line number="47" hits="2" branch="false" />
            <line number="48" hits="2" branch="false" />
            <line number="49" hits="8" branch="true" condition-coverage="100% (2/2)" />
            <line number="50" hits="2" branch="false" />
            <line number="52" hits="8" branch="true" condition-coverage="100% (2/2)" />
            <line number="53" hits="2" branch="false" />
            <line number="55" hits="2" branch="false" />
            <line number="56" hits="2" branch="false" />
            <line number="59" hits="1" branch="false" />
            <line number="60" hits="1" branch="false" />
            <line number="61" hits="2" branch="true" condition-coverage="100% (2/2)" />
            <line number="62" hits="1" branch="false" />
            <line number="63" hits="1" branch="true" condition-coverage="50% (1/2)" />
            <line number="64" hits="1" branch="false" />
            <line number="65" hits="1" branch="false" />
            <line number="66" hits="1" branch="false" />
            <line number="68" hits="0" branch="false" />
            <line number="70" hits="1" branch="true" condition-coverage="100% (2/2)" />
            <line number="71" hits="0" branch="false" />
            <line number="73" hits="1" branch="false" />
            <line number="74" hits="1" branch="false" />
            <line number="77" hits="0" branch="false" />
            <line number="78" hits="0" branch="false" />
            <line number="80" hits="0" branch="false" />
            <line number="81" hits="0" branch="false" />
            <line number="82" hits="0" branch="false" />
            <line number="83" hits="0" branch="false" />
            <line number="84" hits="0" branch="false" />
            <line number="86" hits="0" branch="false" />
            <line number="87" hits="0" branch="false" />
            <line number="90" hits="2" branch="false" />
            <line number="91" hits="22" branch="true" condition-coverage="50% (1/2)" />
            <line number="92" hits="11" branch="false" />
            <line number="93" hits="60" branch="true" condition-coverage="100% (2/2)" />
            <line number="94" hits="21" branch="false" />
            <line number="95" hits="21" branch="true" condition-coverage="100% (2/2)" />
            <line number="96" hits="2" branch="false" />
            <line number="97" hits="2" branch="false" />
            <line number="99" hits="19" branch="false" />
            <line number="100" hits="9" branch="false" />
            <line number="101" hits="0" branch="false" />
            <line number="102" hits="2" branch="false" />
            <line number="105" hits="3" branch="false" />
            <line number="106" hits="3" branch="true" condition-coverage="100% (2/2)" />
            <line number="107" hits="2" branch="false" />
            <line number="109" hits="40" branch="true" condition-coverage="50% (1/2)" />
            <line number="110" hits="20" branch="false" />
            <line number="111" hits="148" branch="true" condition-coverage="100% (2/2)" />
            <line number="112" hits="57" branch="false" />
            <line number="113" hits="57" branch="true" condition-coverage="100% (2/2)" />
            <line number="114" hits="3" branch="false" />
            <line number="115" hits="3" branch="false" />
            <line number="117" hits="54" branch="false" />
            <line number="118" hits="17" branch="false" />
            <line number="119" hits="0" branch="false" />
            <line number="120" hits="3" branch="false" />
            <line number="123" hits="3" branch="false" />
            <line number="124" hits="3" branch="true" condition-coverage="100% (2/2)" />
            <line number="125" hits="3" branch="false" />
            <line number="128" hits="1" branch="false" />
            <line number="130" hits="1" branch="false" />
            <line number="132" hits="1" branch="false" />
            <line number="133" hits="1" branch="false" />
            <line number="137" hits="1" branch="true" condition-coverage="100% (2/2)" />
            <line number="138" hits="1" branch="false" />
            <line number="140" hits="1" branch="false" />
            <line number="141" hits="1" branch="false" />
            <line number="144" hits="1" branch="true" condition-coverage="75% (3/4)" />
            <line number="145" hits="0" branch="false" />
            <line number="147" hits="1" branch="false" />
            <line number="148" hits="1" branch="true" condition-coverage="50% (1/2)" />
            <line number="149" hits="0" branch="false" />
            <line number="151" hits="1" branch="false" />
            <line number="152" hits="1" branch="true" condition-coverage="50% (1/2)" />
            <line number="153" hits="0" branch="false" />
            <line number="155" hits="1" branch="false" />
            <line number="156" hits="1" branch="true" condition-coverage="100% (2/2)" />
            <line number="157" hits="0" branch="false" />
            <line number="159" hits="1" branch="false" />
            <line number="160" hits="1" branch="true" condition-coverage="100% (2/2)" />
            <line number="161" hits="0" branch="false" />
            <line number="163" hits="1" branch="false" />
            <line number="165" hits="1" branch="false" />
            <line number="168" hits="0" branch="false" />
            <line number="169" hits="0" branch="false" />
            <line number="170" hits="0" branch="false" />
            <line number="171" hits="0" branch="false" />
            <line number="172" hits="0" branch="false" />
            <line number="175" hits="0" branch="false" />
            <line number="177" hits="0" branch="false" />
            <line number="179" hits="0" branch="false" />
            <line number="180" hits="0" branch="false" />
            <line number="182" hits="0" branch="false" />
            <line number="183" hits="0" branch="false" />
            <line number="184" hits="0" branch="false" />
            <line number="185" hits="0" branch="true" condition-coverage="0% (0/4)" />
            <line number="188" hits="0" branch="false" />
            <line number="189" hits="0" branch="false" />
            <line number="190" hits="0" branch="false" />
            <line number="191" hits="0" branch="false" />
            <line number="194" hits="0" branch="false" />
            <line number="195" hits="0" branch="false" />
            <line number="196" hits="0" branch="false" />
            <line number="197" hits="0" branch="false" />
            <line number="200" hits="0" branch="false" />
            <line number="201" hits="0" branch="false" />
            <line number="204" hits="0" branch="false" />
            <line number="205" hits="0" branch="false" />
            <line number="207" hits="0" branch="false" />
            <line number="208" hits="0" branch="false" />
            <line number="209" hits="0" branch="false" />
            <line number="210" hits="0" branch="false" />
            <line number="211" hits="0" branch="false" />
            <line number="212" hits="0" branch="true" condition-coverage="0% (0/2)" />
            <line number="213" hits="0" branch="false" />
          </lines>
        </class>
      </classes>
    </package>
    <package name="lab6_test" line-rate="0.897959183673469" branch-rate="0.666666666666667" complexity="20">
      <classes>
        <class name="AutoGeneratedProgram" filename="C:\Users\asrock\.nuget\packages\microsoft.net.test.sdk\17.3.2\build\netcoreapp2.1\Microsoft.NET.Test.Sdk.Program.cs" line-rate="0" branch-rate="1" complexity="1">
          <methods>
            <method name="Main" signature="(...)" line-rate="0" branch-rate="1" complexity="1">
              <lines>
                <line number="4" hits="0" branch="false" />
              </lines>
            </method>
          </methods>
          <lines>
            <line number="4" hits="0" branch="false" />
          </lines>
        </class>
        <class name="lab6.UnitTest1" filename="D:\GITHUB\pnipucpp\2c-4sem\csharp\lab6_test\UnitTest1.cs" line-rate="0.916666666666667" branch-rate="0.666666666666667" complexity="19">
          <methods>
            <method name="CmpArrays" signature="(...)" line-rate="0.75" branch-rate="0.666666666666667" complexity="6">
              <lines>
                <line number="9" hits="1" branch="false" />
                <line number="10" hits="1" branch="true" condition-coverage="50% (1/2)" />
                <line number="11" hits="0" branch="false" />
                <line number="13" hits="6" branch="true" condition-coverage="100% (2/2)" />
                <line number="14" hits="2" branch="true" condition-coverage="50% (1/2)" />
                <line number="15" hits="0" branch="false" />
                <line number="17" hits="1" branch="false" />
                <line number="18" hits="1" branch="false" />
              </lines>
            </method>
            <method name="CmpArraysChar" signature="(...)" line-rate="0.75" branch-rate="0.666666666666667" complexity="6">
              <lines>
                <line number="21" hits="2" branch="false" />
                <line number="22" hits="2" branch="true" condition-coverage="50% (1/2)" />
                <line number="23" hits="0" branch="false" />
                <line number="25" hits="76" branch="true" condition-coverage="100% (2/2)" />
                <line number="26" hits="36" branch="true" condition-coverage="50% (1/2)" />
                <line number="27" hits="0" branch="false" />
                <line number="29" hits="2" branch="false" />
                <line number="30" hits="2" branch="false" />
              </lines>
            </method>
            <method name="IsVowel_Test" signature="()" line-rate="1" branch-rate="1" complexity="1">
              <lines>
                <line number="34" hits="1" branch="false" />
                <line number="35" hits="1" branch="false" />
                <line number="36" hits="1" branch="false" />
              </lines>
            </method>
            <method name="RemoveFromArray_Test" signature="()" line-rate="1" branch-rate="1" complexity="1">
              <lines>
                <line number="40" hits="1" branch="false" />
                <line number="41" hits="1" branch="false" />
                <line number="42" hits="1" branch="false" />
                <line number="43" hits="1" branch="false" />
                <line number="44" hits="1" branch="false" />
              </lines>
            </method>
            <method name="RemoveLastVowel_Test" signature="()" line-rate="1" branch-rate="1" complexity="1">
              <lines>
                <line number="48" hits="1" branch="false" />
                <line number="49" hits="1" branch="false" />
                <line number="50" hits="1" branch="false" />
                <line number="51" hits="1" branch="false" />
                <line number="52" hits="1" branch="false" />
              </lines>
            </method>
            <method name="StrChrs_Test" signature="()" line-rate="1" branch-rate="1" complexity="1">
              <lines>
                <line number="57" hits="1" branch="false" />
                <line number="58" hits="1" branch="false" />
                <line number="59" hits="1" branch="false" />
                <line number="60" hits="1" branch="false" />
              </lines>
            </method>
            <method name="StrrChrs_Test" signature="()" line-rate="1" branch-rate="1" complexity="1">
              <lines>
                <line number="64" hits="1" branch="false" />
                <line number="65" hits="1" branch="false" />
                <line number="66" hits="1" branch="false" />
                <line number="67" hits="1" branch="false" />
              </lines>
            </method>
            <method name="IsPrint_Test" signature="()" line-rate="1" branch-rate="1" complexity="1">
              <lines>
                <line number="71" hits="1" branch="false" />
                <line number="72" hits="1" branch="false" />
                <line number="73" hits="1" branch="false" />
              </lines>
            </method>
            <method name="SwapFirstAndLastSentence2_Test" signature="()" line-rate="1" branch-rate="1" complexity="1">
              <lines>
                <line number="77" hits="1" branch="false" />
                <line number="78" hits="1" branch="false" />
                <line number="79" hits="1" branch="false" />
                <line number="80" hits="1" branch="false" />
                <line number="82" hits="1" branch="false" />
                <line number="83" hits="1" branch="false" />
                <line number="84" hits="1" branch="false" />
                <line number="85" hits="1" branch="false" />
              </lines>
            </method>
          </methods>
          <lines>
            <line number="9" hits="1" branch="false" />
            <line number="10" hits="1" branch="true" condition-coverage="50% (1/2)" />
            <line number="11" hits="0" branch="false" />
            <line number="13" hits="6" branch="true" condition-coverage="100% (2/2)" />
            <line number="14" hits="2" branch="true" condition-coverage="50% (1/2)" />
            <line number="15" hits="0" branch="false" />
            <line number="17" hits="1" branch="false" />
            <line number="18" hits="1" branch="false" />
            <line number="21" hits="2" branch="false" />
            <line number="22" hits="2" branch="true" condition-coverage="50% (1/2)" />
            <line number="23" hits="0" branch="false" />
            <line number="25" hits="76" branch="true" condition-coverage="100% (2/2)" />
            <line number="26" hits="36" branch="true" condition-coverage="50% (1/2)" />
            <line number="27" hits="0" branch="false" />
            <line number="29" hits="2" branch="false" />
            <line number="30" hits="2" branch="false" />
            <line number="34" hits="1" branch="false" />
            <line number="35" hits="1" branch="false" />
            <line number="36" hits="1" branch="false" />
            <line number="40" hits="1" branch="false" />
            <line number="41" hits="1" branch="false" />
            <line number="42" hits="1" branch="false" />
            <line number="43" hits="1" branch="false" />
            <line number="44" hits="1" branch="false" />
            <line number="48" hits="1" branch="false" />
            <line number="49" hits="1" branch="false" />
            <line number="50" hits="1" branch="false" />
            <line number="51" hits="1" branch="false" />
            <line number="52" hits="1" branch="false" />
            <line number="57" hits="1" branch="false" />
            <line number="58" hits="1" branch="false" />
            <line number="59" hits="1" branch="false" />
            <line number="60" hits="1" branch="false" />
            <line number="64" hits="1" branch="false" />
            <line number="65" hits="1" branch="false" />
            <line number="66" hits="1" branch="false" />
            <line number="67" hits="1" branch="false" />
            <line number="71" hits="1" branch="false" />
            <line number="72" hits="1" branch="false" />
            <line number="73" hits="1" branch="false" />
            <line number="77" hits="1" branch="false" />
            <line number="78" hits="1" branch="false" />
            <line number="79" hits="1" branch="false" />
            <line number="80" hits="1" branch="false" />
            <line number="82" hits="1" branch="false" />
            <line number="83" hits="1" branch="false" />
            <line number="84" hits="1" branch="false" />
            <line number="85" hits="1" branch="false" />
          </lines>
        </class>
      </classes>
    </package>
  </packages>
</coverage>