TpTrace Verbose: 0 : 4460, 1, 2023/05/27, 00:13:14.687, 1858277672084, vstest.console.dll, Version: 17.5.0-release-20221220-01 Current process architecture: X64
TpTrace Verbose: 0 : 4460, 1, 2023/05/27, 00:13:14.689, 1858277686596, vstest.console.dll, Runtime location: C:\Program Files\dotnet\shared\Microsoft.NETCore.App\7.0.4
TpTrace Verbose: 0 : 4460, 1, 2023/05/27, 00:13:14.691, 1858277709219, vstest.console.dll, ArtifactProcessingPostProcessModeProcessorExecutor.Initialize: ArtifactProcessingMode.Collect
TpTrace Verbose: 0 : 4460, 1, 2023/05/27, 00:13:14.691, 1858277710376, vstest.console.dll, TestSessionCorrelationIdProcessorModeProcessorExecutor.Initialize: TestSessionCorrelationId '9460_eb130786-e011-4ddd-8490-e1f2404d7b9f'
TpTrace Information: 0 : 4460, 1, 2023/05/27, 00:13:14.697, 1858277773597, vstest.console.dll, FilePatternParser: The given file D:\GITHUB\pnipucpp\2c-4sem\csharp\lab4_test\bin\Debug\net6.0\fine-code-coverage\build-output\lab4_test.dll is a full path.
TpTrace Verbose: 0 : 4460, 1, 2023/05/27, 00:13:14.702, 1858277816721, vstest.console.dll, TestPluginCache.DiscoverTestExtensions: finding test extensions in assemblies ends with: RuntimeProvider.dll TPluginInfo: Microsoft.VisualStudio.TestPlatform.Common.ExtensionFramework.Utilities.TestRuntimePluginInformation TExtension: Microsoft.VisualStudio.TestPlatform.ObjectModel.Host.ITestRuntimeProvider
TpTrace Verbose: 0 : 4460, 1, 2023/05/27, 00:13:14.703, 1858277828104, vstest.console.dll, TestPluginCache.GetExtensionPaths: Filtered extension paths: 
TpTrace Verbose: 0 : 4460, 1, 2023/05/27, 00:13:14.703, 1858277828916, vstest.console.dll, TestPluginCache.GetExtensionPaths: Added default extension paths: C:\Program Files\dotnet\sdk\7.0.202\Extensions\Microsoft.Diagnostics.NETCore.Client.dll
C:\Program Files\dotnet\sdk\7.0.202\Extensions\Microsoft.TestPlatform.Extensions.BlameDataCollector.dll
C:\Program Files\dotnet\sdk\7.0.202\Extensions\Microsoft.TestPlatform.Extensions.EventLogCollector.dll
C:\Program Files\dotnet\sdk\7.0.202\Extensions\Microsoft.TestPlatform.TestHostRuntimeProvider.dll
C:\Program Files\dotnet\sdk\7.0.202\Extensions\Microsoft.VisualStudio.TestPlatform.Extensions.Html.TestLogger.dll
C:\Program Files\dotnet\sdk\7.0.202\Extensions\Microsoft.VisualStudio.TestPlatform.Extensions.Trx.TestLogger.dll
TpTrace Verbose: 0 : 4460, 1, 2023/05/27, 00:13:14.703, 1858277829234, vstest.console.dll, TestPluginCache.GetExtensionPaths: Added unfilterableExtensionPaths: 
TpTrace Information: 0 : 4460, 1, 2023/05/27, 00:13:14.703, 1858277834352, vstest.console.dll, AssemblyResolver.ctor: Creating AssemblyResolver with searchDirectories C:\Program Files\dotnet\sdk\7.0.202\Extensions,C:\Program Files\dotnet\sdk\7.0.202
TpTrace Verbose: 0 : 4460, 1, 2023/05/27, 00:13:14.704, 1858277843155, vstest.console.dll, TestPluginCache.DiscoverTestExtensions: Discovering the extensions using extension path.
TpTrace Verbose: 0 : 4460, 1, 2023/05/27, 00:13:14.704, 1858277844179, vstest.console.dll, TestPluginCache.GetExtensionPaths: Filtered extension paths: 
TpTrace Verbose: 0 : 4460, 1, 2023/05/27, 00:13:14.704, 1858277844585, vstest.console.dll, TestPluginCache.GetExtensionPaths: Added default extension paths: C:\Program Files\dotnet\sdk\7.0.202\Extensions\Microsoft.Diagnostics.NETCore.Client.dll
C:\Program Files\dotnet\sdk\7.0.202\Extensions\Microsoft.TestPlatform.Extensions.BlameDataCollector.dll
C:\Program Files\dotnet\sdk\7.0.202\Extensions\Microsoft.TestPlatform.Extensions.EventLogCollector.dll
C:\Program Files\dotnet\sdk\7.0.202\Extensions\Microsoft.TestPlatform.TestHostRuntimeProvider.dll
C:\Program Files\dotnet\sdk\7.0.202\Extensions\Microsoft.VisualStudio.TestPlatform.Extensions.Html.TestLogger.dll
C:\Program Files\dotnet\sdk\7.0.202\Extensions\Microsoft.VisualStudio.TestPlatform.Extensions.Trx.TestLogger.dll
TpTrace Verbose: 0 : 4460, 1, 2023/05/27, 00:13:14.704, 1858277844843, vstest.console.dll, TestPluginCache.GetExtensionPaths: Added unfilterableExtensionPaths: 
TpTrace Verbose: 0 : 4460, 1, 2023/05/27, 00:13:14.705, 1858277845662, vstest.console.dll, TestPluginCache.DiscoverTestExtensions: Discovering the extensions using allExtensionPaths: C:\Program Files\dotnet\sdk\7.0.202\Extensions\Microsoft.Diagnostics.NETCore.Client.dll
C:\Program Files\dotnet\sdk\7.0.202\Extensions\Microsoft.TestPlatform.Extensions.BlameDataCollector.dll
C:\Program Files\dotnet\sdk\7.0.202\Extensions\Microsoft.TestPlatform.Extensions.EventLogCollector.dll
C:\Program Files\dotnet\sdk\7.0.202\Extensions\Microsoft.TestPlatform.TestHostRuntimeProvider.dll
C:\Program Files\dotnet\sdk\7.0.202\Extensions\Microsoft.VisualStudio.TestPlatform.Extensions.Html.TestLogger.dll
C:\Program Files\dotnet\sdk\7.0.202\Extensions\Microsoft.VisualStudio.TestPlatform.Extensions.Trx.TestLogger.dll
TpTrace Information: 0 : 4460, 1, 2023/05/27, 00:13:14.705, 1858277847047, vstest.console.dll, AssemblyResolver.AddSearchDirectories: Adding more searchDirectories C:\Program Files\dotnet\sdk\7.0.202\Extensions,C:\Program Files\dotnet\sdk\7.0.202
TpTrace Information: 0 : 4460, 1, 2023/05/27, 00:13:14.705, 1858277847656, vstest.console.dll, AssemblyResolver.AddSearchDirectories: Adding more searchDirectories C:\Program Files\dotnet\sdk\7.0.202\Extensions,C:\Program Files\dotnet\sdk\7.0.202
TpTrace Information: 0 : 4460, 1, 2023/05/27, 00:13:14.705, 1858277847966, vstest.console.dll, AssemblyResolver.AddSearchDirectories: Adding more searchDirectories C:\Program Files\dotnet\sdk\7.0.202\Extensions,C:\Program Files\dotnet\sdk\7.0.202
TpTrace Information: 0 : 4460, 1, 2023/05/27, 00:13:14.705, 1858277848216, vstest.console.dll, AssemblyResolver.AddSearchDirectories: Adding more searchDirectories C:\Program Files\dotnet\sdk\7.0.202\Extensions,C:\Program Files\dotnet\sdk\7.0.202
TpTrace Information: 0 : 4460, 1, 2023/05/27, 00:13:14.705, 1858277848493, vstest.console.dll, AssemblyResolver.AddSearchDirectories: Adding more searchDirectories C:\Program Files\dotnet\sdk\7.0.202\Extensions,C:\Program Files\dotnet\sdk\7.0.202
TpTrace Information: 0 : 4460, 1, 2023/05/27, 00:13:14.705, 1858277848741, vstest.console.dll, AssemblyResolver.AddSearchDirectories: Adding more searchDirectories C:\Program Files\dotnet\sdk\7.0.202\Extensions,C:\Program Files\dotnet\sdk\7.0.202
TpTrace Information: 0 : 4460, 1, 2023/05/27, 00:13:14.705, 1858277851549, vstest.console.dll, AssemblyResolver.OnResolve: Microsoft.Diagnostics.NETCore.Client: Resolving assembly.
TpTrace Information: 0 : 4460, 1, 2023/05/27, 00:13:14.705, 1858277852257, vstest.console.dll, AssemblyResolver.OnResolve: Microsoft.Diagnostics.NETCore.Client: Searching in: 'C:\Program Files\dotnet\sdk\7.0.202\Extensions'.
TpTrace Information: 0 : 4460, 1, 2023/05/27, 00:13:14.712, 1858277914973, vstest.console.dll, AssemblyResolver.OnResolve: Microsoft.Diagnostics.NETCore.Client: Loading assembly 'C:\Program Files\dotnet\sdk\7.0.202\Extensions\Microsoft.Diagnostics.NETCore.Client.dll'.
TpTrace Information: 0 : 4460, 1, 2023/05/27, 00:13:14.712, 1858277920500, vstest.console.dll, AssemblyResolver.OnResolve: Resolved assembly: Microsoft.Diagnostics.NETCore.Client, from path: C:\Program Files\dotnet\sdk\7.0.202\Extensions\Microsoft.Diagnostics.NETCore.Client.dll
TpTrace Verbose: 0 : 4460, 1, 2023/05/27, 00:13:14.713, 1858277929123, vstest.console.dll, MetadataReaderExtensionsHelper: Discovering extensions inside assembly 'Microsoft.Diagnostics.NETCore.Client, Version=0.2.6.42401, Culture=neutral, PublicKeyToken=31bf3856ad364e35' file path 'C:\Program Files\dotnet\sdk\7.0.202\Extensions\Microsoft.Diagnostics.NETCore.Client.dll'
TpTrace Information: 0 : 4460, 1, 2023/05/27, 00:13:14.717, 1858277966477, vstest.console.dll, AssemblyResolver.OnResolve: Microsoft.Bcl.AsyncInterfaces: Resolving assembly.
TpTrace Information: 0 : 4460, 1, 2023/05/27, 00:13:14.717, 1858277967341, vstest.console.dll, AssemblyResolver.OnResolve: Microsoft.Bcl.AsyncInterfaces: Searching in: 'C:\Program Files\dotnet\sdk\7.0.202\Extensions'.
TpTrace Information: 0 : 4460, 1, 2023/05/27, 00:13:14.717, 1858277968004, vstest.console.dll, AssemblyResolver.OnResolve: Microsoft.Bcl.AsyncInterfaces: Assembly path does not exist: 'C:\Program Files\dotnet\sdk\7.0.202\Extensions\Microsoft.Bcl.AsyncInterfaces.dll', returning.
TpTrace Information: 0 : 4460, 1, 2023/05/27, 00:13:14.717, 1858277968907, vstest.console.dll, AssemblyResolver.OnResolve: Microsoft.Bcl.AsyncInterfaces: Assembly path does not exist: 'C:\Program Files\dotnet\sdk\7.0.202\Extensions\Microsoft.Bcl.AsyncInterfaces.exe', returning.
TpTrace Information: 0 : 4460, 1, 2023/05/27, 00:13:14.717, 1858277969276, vstest.console.dll, AssemblyResolver.OnResolve: Microsoft.Bcl.AsyncInterfaces: Searching in: 'C:\Program Files\dotnet\sdk\7.0.202'.
TpTrace Information: 0 : 4460, 1, 2023/05/27, 00:13:14.717, 1858277969775, vstest.console.dll, AssemblyResolver.OnResolve: Microsoft.Bcl.AsyncInterfaces: Assembly path does not exist: 'C:\Program Files\dotnet\sdk\7.0.202\Microsoft.Bcl.AsyncInterfaces.dll', returning.
TpTrace Information: 0 : 4460, 1, 2023/05/27, 00:13:14.717, 1858277970243, vstest.console.dll, AssemblyResolver.OnResolve: Microsoft.Bcl.AsyncInterfaces: Assembly path does not exist: 'C:\Program Files\dotnet\sdk\7.0.202\Microsoft.Bcl.AsyncInterfaces.exe', returning.
TpTrace Information: 0 : 4460, 1, 2023/05/27, 00:13:14.717, 1858277970479, vstest.console.dll, AssemblyResolver.OnResolve: Microsoft.Bcl.AsyncInterfaces: Failed to load assembly.
TpTrace Verbose: 0 : 4460, 1, 2023/05/27, 00:13:14.717, 1858277970783, vstest.console.dll, CurrentDomainAssemblyResolve: Resolving assembly 'Microsoft.Bcl.AsyncInterfaces'.
TpTrace Information: 0 : 4460, 1, 2023/05/27, 00:13:14.717, 1858277971236, vstest.console.dll, AssemblyResolver.OnResolve: Microsoft.Bcl.AsyncInterfaces: Resolving assembly.
TpTrace Information: 0 : 4460, 1, 2023/05/27, 00:13:14.717, 1858277971540, vstest.console.dll, AssemblyResolver.OnResolve: Microsoft.Bcl.AsyncInterfaces: Resolved from cache.
TpTrace Verbose: 0 : 4460, 1, 2023/05/27, 00:13:14.717, 1858277971766, vstest.console.dll, CurrentDomainAssemblyResolve: Resolving assembly 'Microsoft.Bcl.AsyncInterfaces'.
TpTrace Verbose: 0 : 4460, 1, 2023/05/27, 00:13:14.717, 1858277972037, vstest.console.dll, CurrentDomainAssemblyResolve: Failed to resolve assembly 'Microsoft.Bcl.AsyncInterfaces'.
TpTrace Verbose: 0 : 4460, 1, 2023/05/27, 00:13:14.718, 1858277979724, vstest.console.dll, CurrentDomainAssemblyResolve: Failed to resolve assembly 'Microsoft.Bcl.AsyncInterfaces'.
TpTrace Warning: 0 : 4460, 1, 2023/05/27, 00:13:14.724, 1858278036136, vstest.console.dll, TestPluginDiscoverer: Failed to get types from assembly 'Microsoft.Diagnostics.NETCore.Client, Version=0.2.6.42401, Culture=neutral, PublicKeyToken=31bf3856ad364e35'. Error: System.Reflection.ReflectionTypeLoadException: Unable to load one or more of the requested types.
Could not load file or assembly 'Microsoft.Bcl.AsyncInterfaces, Version=1.0.0.0, Culture=neutral, PublicKeyToken=cc7b13ffcd2ddd51'. Не удается найти указанный файл.
   at System.Reflection.RuntimeModule.GetTypes(RuntimeModule module)
   at System.Reflection.Assembly.GetTypes()
   at Microsoft.VisualStudio.TestPlatform.Common.ExtensionFramework.TestPluginDiscoverer.GetTestExtensionsFromAssembly[TPluginInfo,TExtension](Assembly assembly, Dictionary`2 pluginInfos, String filePath)
System.IO.FileNotFoundException: Could not load file or assembly 'Microsoft.Bcl.AsyncInterfaces, Version=1.0.0.0, Culture=neutral, PublicKeyToken=cc7b13ffcd2ddd51'. Не удается найти указанный файл.
File name: 'Microsoft.Bcl.AsyncInterfaces, Version=1.0.0.0, Culture=neutral, PublicKeyToken=cc7b13ffcd2ddd51'
 ---> System.IO.FileNotFoundException: Could not load file or assembly 'Microsoft.Bcl.AsyncInterfaces, Culture=neutral, PublicKeyToken=null'. Не удается найти указанный файл.
File name: 'Microsoft.Bcl.AsyncInterfaces, Culture=neutral, PublicKeyToken=null'
   at System.Reflection.RuntimeAssembly.InternalLoad(AssemblyName assemblyName, StackCrawlMark& stackMark, AssemblyLoadContext assemblyLoadContext, RuntimeAssembly requestingAssembly, Boolean throwOnFileNotFound)
   at System.Reflection.Assembly.Load(AssemblyName assemblyRef)
   at Microsoft.VisualStudio.TestPlatform.Common.ExtensionFramework.TestPluginCache.CurrentDomainAssemblyResolve(Object sender, AssemblyResolveEventArgs args)
   at System.Runtime.Loader.AssemblyLoadContext.GetFirstResolvedAssemblyFromResolvingEvent(AssemblyName assemblyName)
   at System.Runtime.Loader.AssemblyLoadContext.ResolveUsingEvent(AssemblyName assemblyName)
   at System.Runtime.Loader.AssemblyLoadContext.ResolveUsingResolvingEvent(IntPtr gchManagedAssemblyLoadContext, AssemblyName assemblyName)
TpTrace Warning: 0 : 4460, 1, 2023/05/27, 00:13:14.724, 1858278039171, vstest.console.dll, LoaderExceptions: System.IO.FileNotFoundException: Could not load file or assembly 'Microsoft.Bcl.AsyncInterfaces, Version=1.0.0.0, Culture=neutral, PublicKeyToken=cc7b13ffcd2ddd51'. Не удается найти указанный файл.
File name: 'Microsoft.Bcl.AsyncInterfaces, Version=1.0.0.0, Culture=neutral, PublicKeyToken=cc7b13ffcd2ddd51'
 ---> System.IO.FileNotFoundException: Could not load file or assembly 'Microsoft.Bcl.AsyncInterfaces, Culture=neutral, PublicKeyToken=null'. Не удается найти указанный файл.
File name: 'Microsoft.Bcl.AsyncInterfaces, Culture=neutral, PublicKeyToken=null'
   at System.Reflection.RuntimeAssembly.InternalLoad(AssemblyName assemblyName, StackCrawlMark& stackMark, AssemblyLoadContext assemblyLoadContext, RuntimeAssembly requestingAssembly, Boolean throwOnFileNotFound)
   at System.Reflection.Assembly.Load(AssemblyName assemblyRef)
   at Microsoft.VisualStudio.TestPlatform.Common.ExtensionFramework.TestPluginCache.CurrentDomainAssemblyResolve(Object sender, AssemblyResolveEventArgs args)
   at System.Runtime.Loader.AssemblyLoadContext.GetFirstResolvedAssemblyFromResolvingEvent(AssemblyName assemblyName)
   at System.Runtime.Loader.AssemblyLoadContext.ResolveUsingEvent(AssemblyName assemblyName)
   at System.Runtime.Loader.AssemblyLoadContext.ResolveUsingResolvingEvent(IntPtr gchManagedAssemblyLoadContext, AssemblyName assemblyName)
TpTrace Information: 0 : 4460, 1, 2023/05/27, 00:13:14.724, 1858278040487, vstest.console.dll, AssemblyResolver.OnResolve: Microsoft.TestPlatform.Extensions.BlameDataCollector: Resolving assembly.
TpTrace Information: 0 : 4460, 1, 2023/05/27, 00:13:14.724, 1858278040938, vstest.console.dll, AssemblyResolver.OnResolve: Microsoft.TestPlatform.Extensions.BlameDataCollector: Searching in: 'C:\Program Files\dotnet\sdk\7.0.202\Extensions'.
TpTrace Information: 0 : 4460, 1, 2023/05/27, 00:13:14.725, 1858278045703, vstest.console.dll, AssemblyResolver.OnResolve: Microsoft.TestPlatform.Extensions.BlameDataCollector: Loading assembly 'C:\Program Files\dotnet\sdk\7.0.202\Extensions\Microsoft.TestPlatform.Extensions.BlameDataCollector.dll'.
TpTrace Information: 0 : 4460, 1, 2023/05/27, 00:13:14.725, 1858278050277, vstest.console.dll, AssemblyResolver.OnResolve: Resolved assembly: Microsoft.TestPlatform.Extensions.BlameDataCollector, from path: C:\Program Files\dotnet\sdk\7.0.202\Extensions\Microsoft.TestPlatform.Extensions.BlameDataCollector.dll
TpTrace Verbose: 0 : 4460, 1, 2023/05/27, 00:13:14.725, 1858278050915, vstest.console.dll, MetadataReaderExtensionsHelper: Discovering extensions inside assembly 'Microsoft.TestPlatform.Extensions.BlameDataCollector, Version=15.0.0.0, Culture=neutral, PublicKeyToken=b03f5f7f11d50a3a' file path 'C:\Program Files\dotnet\sdk\7.0.202\Extensions\Microsoft.TestPlatform.Extensions.BlameDataCollector.dll'
TpTrace Information: 0 : 4460, 1, 2023/05/27, 00:13:14.726, 1858278062495, vstest.console.dll, AssemblyResolver.OnResolve: Microsoft.TestPlatform.Extensions.EventLogCollector: Resolving assembly.
TpTrace Information: 0 : 4460, 1, 2023/05/27, 00:13:14.726, 1858278063119, vstest.console.dll, AssemblyResolver.OnResolve: Microsoft.TestPlatform.Extensions.EventLogCollector: Searching in: 'C:\Program Files\dotnet\sdk\7.0.202\Extensions'.
TpTrace Information: 0 : 4460, 1, 2023/05/27, 00:13:14.727, 1858278066668, vstest.console.dll, AssemblyResolver.OnResolve: Microsoft.TestPlatform.Extensions.EventLogCollector: Loading assembly 'C:\Program Files\dotnet\sdk\7.0.202\Extensions\Microsoft.TestPlatform.Extensions.EventLogCollector.dll'.
TpTrace Information: 0 : 4460, 1, 2023/05/27, 00:13:14.727, 1858278071216, vstest.console.dll, AssemblyResolver.OnResolve: Resolved assembly: Microsoft.TestPlatform.Extensions.EventLogCollector, from path: C:\Program Files\dotnet\sdk\7.0.202\Extensions\Microsoft.TestPlatform.Extensions.EventLogCollector.dll
TpTrace Verbose: 0 : 4460, 1, 2023/05/27, 00:13:14.727, 1858278071824, vstest.console.dll, MetadataReaderExtensionsHelper: Discovering extensions inside assembly 'Microsoft.TestPlatform.Extensions.EventLogCollector, Version=15.0.0.0, Culture=neutral, PublicKeyToken=b03f5f7f11d50a3a' file path 'C:\Program Files\dotnet\sdk\7.0.202\Extensions\Microsoft.TestPlatform.Extensions.EventLogCollector.dll'
TpTrace Information: 0 : 4460, 1, 2023/05/27, 00:13:14.729, 1858278091514, vstest.console.dll, AssemblyResolver.OnResolve: Microsoft.TestPlatform.TestHostRuntimeProvider: Resolving assembly.
TpTrace Information: 0 : 4460, 1, 2023/05/27, 00:13:14.729, 1858278092200, vstest.console.dll, AssemblyResolver.OnResolve: Microsoft.TestPlatform.TestHostRuntimeProvider: Searching in: 'C:\Program Files\dotnet\sdk\7.0.202\Extensions'.
TpTrace Information: 0 : 4460, 1, 2023/05/27, 00:13:14.730, 1858278095854, vstest.console.dll, AssemblyResolver.OnResolve: Microsoft.TestPlatform.TestHostRuntimeProvider: Loading assembly 'C:\Program Files\dotnet\sdk\7.0.202\Extensions\Microsoft.TestPlatform.TestHostRuntimeProvider.dll'.
TpTrace Information: 0 : 4460, 1, 2023/05/27, 00:13:14.730, 1858278099980, vstest.console.dll, AssemblyResolver.OnResolve: Resolved assembly: Microsoft.TestPlatform.TestHostRuntimeProvider, from path: C:\Program Files\dotnet\sdk\7.0.202\Extensions\Microsoft.TestPlatform.TestHostRuntimeProvider.dll
TpTrace Verbose: 0 : 4460, 1, 2023/05/27, 00:13:14.730, 1858278100561, vstest.console.dll, MetadataReaderExtensionsHelper: Discovering extensions inside assembly 'Microsoft.TestPlatform.TestHostRuntimeProvider, Version=15.0.0.0, Culture=neutral, PublicKeyToken=b03f5f7f11d50a3a' file path 'C:\Program Files\dotnet\sdk\7.0.202\Extensions\Microsoft.TestPlatform.TestHostRuntimeProvider.dll'
TpTrace Information: 0 : 4460, 1, 2023/05/27, 00:13:14.731, 1858278114622, vstest.console.dll, GetTestExtensionFromType: Register extension with identifier data 'HostProvider://DefaultTestHost' and type 'Microsoft.VisualStudio.TestPlatform.CrossPlatEngine.Hosting.DefaultTestHostManager, Microsoft.TestPlatform.TestHostRuntimeProvider, Version=15.0.0.0, Culture=neutral, PublicKeyToken=b03f5f7f11d50a3a' inside file 'C:\Program Files\dotnet\sdk\7.0.202\Extensions\Microsoft.TestPlatform.TestHostRuntimeProvider.dll'
TpTrace Information: 0 : 4460, 1, 2023/05/27, 00:13:14.732, 1858278116510, vstest.console.dll, GetTestExtensionFromType: Register extension with identifier data 'HostProvider://DotnetTestHost' and type 'Microsoft.VisualStudio.TestPlatform.CrossPlatEngine.Hosting.DotnetTestHostManager, Microsoft.TestPlatform.TestHostRuntimeProvider, Version=15.0.0.0, Culture=neutral, PublicKeyToken=b03f5f7f11d50a3a' inside file 'C:\Program Files\dotnet\sdk\7.0.202\Extensions\Microsoft.TestPlatform.TestHostRuntimeProvider.dll'
TpTrace Information: 0 : 4460, 1, 2023/05/27, 00:13:14.732, 1858278117141, vstest.console.dll, AssemblyResolver.OnResolve: Microsoft.VisualStudio.TestPlatform.Extensions.Html.TestLogger: Resolving assembly.
TpTrace Information: 0 : 4460, 1, 2023/05/27, 00:13:14.732, 1858278117527, vstest.console.dll, AssemblyResolver.OnResolve: Microsoft.VisualStudio.TestPlatform.Extensions.Html.TestLogger: Searching in: 'C:\Program Files\dotnet\sdk\7.0.202\Extensions'.
TpTrace Information: 0 : 4460, 1, 2023/05/27, 00:13:14.732, 1858278121689, vstest.console.dll, AssemblyResolver.OnResolve: Microsoft.VisualStudio.TestPlatform.Extensions.Html.TestLogger: Loading assembly 'C:\Program Files\dotnet\sdk\7.0.202\Extensions\Microsoft.VisualStudio.TestPlatform.Extensions.Html.TestLogger.dll'.
TpTrace Information: 0 : 4460, 1, 2023/05/27, 00:13:14.733, 1858278126323, vstest.console.dll, AssemblyResolver.OnResolve: Resolved assembly: Microsoft.VisualStudio.TestPlatform.Extensions.Html.TestLogger, from path: C:\Program Files\dotnet\sdk\7.0.202\Extensions\Microsoft.VisualStudio.TestPlatform.Extensions.Html.TestLogger.dll
TpTrace Verbose: 0 : 4460, 1, 2023/05/27, 00:13:14.733, 1858278126942, vstest.console.dll, MetadataReaderExtensionsHelper: Discovering extensions inside assembly 'Microsoft.VisualStudio.TestPlatform.Extensions.Html.TestLogger, Version=15.0.0.0, Culture=neutral, PublicKeyToken=b03f5f7f11d50a3a' file path 'C:\Program Files\dotnet\sdk\7.0.202\Extensions\Microsoft.VisualStudio.TestPlatform.Extensions.Html.TestLogger.dll'
TpTrace Information: 0 : 4460, 1, 2023/05/27, 00:13:14.733, 1858278133786, vstest.console.dll, AssemblyResolver.OnResolve: Microsoft.VisualStudio.TestPlatform.Extensions.Trx.TestLogger: Resolving assembly.
TpTrace Information: 0 : 4460, 1, 2023/05/27, 00:13:14.733, 1858278134349, vstest.console.dll, AssemblyResolver.OnResolve: Microsoft.VisualStudio.TestPlatform.Extensions.Trx.TestLogger: Searching in: 'C:\Program Files\dotnet\sdk\7.0.202\Extensions'.
TpTrace Information: 0 : 4460, 1, 2023/05/27, 00:13:14.734, 1858278137248, vstest.console.dll, AssemblyResolver.OnResolve: Microsoft.VisualStudio.TestPlatform.Extensions.Trx.TestLogger: Loading assembly 'C:\Program Files\dotnet\sdk\7.0.202\Extensions\Microsoft.VisualStudio.TestPlatform.Extensions.Trx.TestLogger.dll'.
TpTrace Information: 0 : 4460, 1, 2023/05/27, 00:13:14.734, 1858278140841, vstest.console.dll, AssemblyResolver.OnResolve: Resolved assembly: Microsoft.VisualStudio.TestPlatform.Extensions.Trx.TestLogger, from path: C:\Program Files\dotnet\sdk\7.0.202\Extensions\Microsoft.VisualStudio.TestPlatform.Extensions.Trx.TestLogger.dll
TpTrace Verbose: 0 : 4460, 1, 2023/05/27, 00:13:14.734, 1858278141350, vstest.console.dll, MetadataReaderExtensionsHelper: Discovering extensions inside assembly 'Microsoft.VisualStudio.TestPlatform.Extensions.Trx.TestLogger, Version=15.0.0.0, Culture=neutral, PublicKeyToken=b03f5f7f11d50a3a' file path 'C:\Program Files\dotnet\sdk\7.0.202\Extensions\Microsoft.VisualStudio.TestPlatform.Extensions.Trx.TestLogger.dll'
TpTrace Verbose: 0 : 4460, 1, 2023/05/27, 00:13:14.735, 1858278149639, vstest.console.dll, TestPluginCache: Discovered the extensions using extension path ''.
TpTrace Verbose: 0 : 4460, 1, 2023/05/27, 00:13:14.735, 1858278150187, vstest.console.dll, TestPluginCache: Discoverers are ''.
TpTrace Verbose: 0 : 4460, 1, 2023/05/27, 00:13:14.735, 1858278150427, vstest.console.dll, TestPluginCache: Executors are ''.
TpTrace Verbose: 0 : 4460, 1, 2023/05/27, 00:13:14.735, 1858278150632, vstest.console.dll, TestPluginCache: Executors2 are ''.
TpTrace Verbose: 0 : 4460, 1, 2023/05/27, 00:13:14.735, 1858278150828, vstest.console.dll, TestPluginCache: Setting providers are ''.
TpTrace Verbose: 0 : 4460, 1, 2023/05/27, 00:13:14.735, 1858278151024, vstest.console.dll, TestPluginCache: Loggers are ''.
TpTrace Verbose: 0 : 4460, 1, 2023/05/27, 00:13:14.735, 1858278152170, vstest.console.dll, TestPluginCache: TestHosts are 'HostProvider://DefaultTestHost,HostProvider://DotnetTestHost'.
TpTrace Verbose: 0 : 4460, 1, 2023/05/27, 00:13:14.735, 1858278152484, vstest.console.dll, TestPluginCache: DataCollectors are ''.
TpTrace Information: 0 : 4460, 1, 2023/05/27, 00:13:14.743, 1858278233560, vstest.console.dll, RunTestsArgumentProcessor:Execute: Test run is starting.
TpTrace Verbose: 0 : 4460, 1, 2023/05/27, 00:13:14.743, 1858278234282, vstest.console.dll, RunTestsArgumentProcessor:Execute: Queuing Test run.
TpTrace Information: 0 : 4460, 1, 2023/05/27, 00:13:14.744, 1858278235970, vstest.console.dll, TestRequestManager.RunTests: run tests started.
TpTrace Information: 0 : 4460, 1, 2023/05/27, 00:13:14.745, 1858278245038, vstest.console.dll, AssemblyMetadataProvider.GetFrameworkName: Determined framework:'.NETCoreApp,Version=v6.0' for source: 'D:\GITHUB\pnipucpp\2c-4sem\csharp\lab4_test\bin\Debug\net6.0\fine-code-coverage\build-output\lab4_test.dll'
TpTrace Information: 0 : 4460, 1, 2023/05/27, 00:13:14.745, 1858278246390, vstest.console.dll, Determined framework for all sources: .NETCoreApp,Version=v6.0
TpTrace Verbose: 0 : 4460, 1, 2023/05/27, 00:13:14.745, 1858278249502, vstest.console.dll, TestRequestManager.UpdateRunSettingsIfRequired: Default architecture: X64 IsDefaultTargetArchitecture: True, Current process architecture: X64 OperatingSystem: Windows.
TpTrace Information: 0 : 4460, 1, 2023/05/27, 00:13:14.746, 1858278262397, vstest.console.dll, AssemblyMetadataProvider.GetArchitecture: Determined architecture:AnyCPU info for assembly: D:\GITHUB\pnipucpp\2c-4sem\csharp\lab4_test\bin\Debug\net6.0\fine-code-coverage\build-output\lab4_test.dll
TpTrace Information: 0 : 4460, 1, 2023/05/27, 00:13:14.746, 1858278263033, vstest.console.dll, Determined platform for source 'D:\GITHUB\pnipucpp\2c-4sem\csharp\lab4_test\bin\Debug\net6.0\fine-code-coverage\build-output\lab4_test.dll' was AnyCPU and it will use the default plaform X64.
TpTrace Information: 0 : 4460, 1, 2023/05/27, 00:13:14.746, 1858278263330, vstest.console.dll, None of the sources provided any runnable platform, using the default platform: X64
TpTrace Information: 0 : 4460, 1, 2023/05/27, 00:13:14.746, 1858278264137, vstest.console.dll, Platform was updated to 'X64'.
TpTrace Information: 0 : 4460, 1, 2023/05/27, 00:13:14.749, 1858278289538, vstest.console.dll, InferRunSettingsHelper.IsTestSettingsEnabled: Unable to navigate to RunSettings/MSTest. Current node: RunSettings
TpTrace Information: 0 : 4460, 1, 2023/05/27, 00:13:14.749, 1858278294647, vstest.console.dll, AssemblyResolver.OnResolve: Microsoft.VisualStudio.TestPlatform.Fakes: Resolving assembly.
TpTrace Information: 0 : 4460, 1, 2023/05/27, 00:13:14.750, 1858278295248, vstest.console.dll, AssemblyResolver.OnResolve: Microsoft.VisualStudio.TestPlatform.Fakes: Searching in: 'C:\Program Files\dotnet\sdk\7.0.202\Extensions'.
TpTrace Information: 0 : 4460, 1, 2023/05/27, 00:13:14.750, 1858278295931, vstest.console.dll, AssemblyResolver.OnResolve: Microsoft.VisualStudio.TestPlatform.Fakes: Assembly path does not exist: 'C:\Program Files\dotnet\sdk\7.0.202\Extensions\Microsoft.VisualStudio.TestPlatform.Fakes.dll', returning.
TpTrace Information: 0 : 4460, 1, 2023/05/27, 00:13:14.750, 1858278296456, vstest.console.dll, AssemblyResolver.OnResolve: Microsoft.VisualStudio.TestPlatform.Fakes: Assembly path does not exist: 'C:\Program Files\dotnet\sdk\7.0.202\Extensions\Microsoft.VisualStudio.TestPlatform.Fakes.exe', returning.
TpTrace Information: 0 : 4460, 1, 2023/05/27, 00:13:14.750, 1858278296787, vstest.console.dll, AssemblyResolver.OnResolve: Microsoft.VisualStudio.TestPlatform.Fakes: Searching in: 'C:\Program Files\dotnet\sdk\7.0.202'.
TpTrace Information: 0 : 4460, 1, 2023/05/27, 00:13:14.750, 1858278297301, vstest.console.dll, AssemblyResolver.OnResolve: Microsoft.VisualStudio.TestPlatform.Fakes: Assembly path does not exist: 'C:\Program Files\dotnet\sdk\7.0.202\Microsoft.VisualStudio.TestPlatform.Fakes.dll', returning.
TpTrace Information: 0 : 4460, 1, 2023/05/27, 00:13:14.750, 1858278297788, vstest.console.dll, AssemblyResolver.OnResolve: Microsoft.VisualStudio.TestPlatform.Fakes: Assembly path does not exist: 'C:\Program Files\dotnet\sdk\7.0.202\Microsoft.VisualStudio.TestPlatform.Fakes.exe', returning.
TpTrace Information: 0 : 4460, 1, 2023/05/27, 00:13:14.750, 1858278298037, vstest.console.dll, AssemblyResolver.OnResolve: Microsoft.VisualStudio.TestPlatform.Fakes: Failed to load assembly.
TpTrace Information: 0 : 4460, 1, 2023/05/27, 00:13:14.750, 1858278299946, vstest.console.dll, Failed to load assembly Microsoft.VisualStudio.TestPlatform.Fakes, Version=17.0.0.0, Culture=neutral. Reason:System.IO.FileNotFoundException: Could not load file or assembly 'Microsoft.VisualStudio.TestPlatform.Fakes, Version=17.0.0.0, Culture=neutral, PublicKeyToken=null'. Не удается найти указанный файл.
File name: 'Microsoft.VisualStudio.TestPlatform.Fakes, Version=17.0.0.0, Culture=neutral, PublicKeyToken=null'
   at System.Reflection.RuntimeAssembly.InternalLoad(AssemblyName assemblyName, StackCrawlMark& stackMark, AssemblyLoadContext assemblyLoadContext, RuntimeAssembly requestingAssembly, Boolean throwOnFileNotFound)
   at System.Reflection.Assembly.Load(AssemblyName assemblyRef)
   at Microsoft.VisualStudio.TestPlatform.Common.Utilities.FakesUtilities.LoadTestPlatformAssembly()
TpTrace Verbose: 0 : 4460, 1, 2023/05/27, 00:13:14.752, 1858278324081, vstest.console.dll, TestPluginCache.DiscoverTestExtensions: finding test extensions in assemblies ends with: TestLogger.dll TPluginInfo: Microsoft.VisualStudio.TestPlatform.Common.ExtensionFramework.Utilities.TestLoggerPluginInformation TExtension: Microsoft.VisualStudio.TestPlatform.ObjectModel.Client.ITestLogger
TpTrace Verbose: 0 : 4460, 1, 2023/05/27, 00:13:14.753, 1858278324993, vstest.console.dll, TestPluginCache.GetExtensionPaths: Filtered extension paths: 
TpTrace Verbose: 0 : 4460, 1, 2023/05/27, 00:13:14.753, 1858278325324, vstest.console.dll, TestPluginCache.GetExtensionPaths: Added default extension paths: C:\Program Files\dotnet\sdk\7.0.202\Extensions\Microsoft.Diagnostics.NETCore.Client.dll
C:\Program Files\dotnet\sdk\7.0.202\Extensions\Microsoft.TestPlatform.Extensions.BlameDataCollector.dll
C:\Program Files\dotnet\sdk\7.0.202\Extensions\Microsoft.TestPlatform.Extensions.EventLogCollector.dll
C:\Program Files\dotnet\sdk\7.0.202\Extensions\Microsoft.TestPlatform.TestHostRuntimeProvider.dll
C:\Program Files\dotnet\sdk\7.0.202\Extensions\Microsoft.VisualStudio.TestPlatform.Extensions.Html.TestLogger.dll
C:\Program Files\dotnet\sdk\7.0.202\Extensions\Microsoft.VisualStudio.TestPlatform.Extensions.Trx.TestLogger.dll
TpTrace Verbose: 0 : 4460, 1, 2023/05/27, 00:13:14.753, 1858278325598, vstest.console.dll, TestPluginCache.GetExtensionPaths: Added unfilterableExtensionPaths: 
TpTrace Information: 0 : 4460, 1, 2023/05/27, 00:13:14.753, 1858278326648, vstest.console.dll, AssemblyResolver.AddSearchDirectories: Adding more searchDirectories C:\Program Files\dotnet\sdk\7.0.202\Extensions,C:\Program Files\dotnet\sdk\7.0.202
TpTrace Verbose: 0 : 4460, 1, 2023/05/27, 00:13:14.753, 1858278327022, vstest.console.dll, TestPluginCache.DiscoverTestExtensions: Discovering the extensions using extension path.
TpTrace Verbose: 0 : 4460, 1, 2023/05/27, 00:13:14.753, 1858278327293, vstest.console.dll, TestPluginCache.GetExtensionPaths: Filtered extension paths: 
TpTrace Verbose: 0 : 4460, 1, 2023/05/27, 00:13:14.753, 1858278327555, vstest.console.dll, TestPluginCache.GetExtensionPaths: Added default extension paths: C:\Program Files\dotnet\sdk\7.0.202\Extensions\Microsoft.Diagnostics.NETCore.Client.dll
C:\Program Files\dotnet\sdk\7.0.202\Extensions\Microsoft.TestPlatform.Extensions.BlameDataCollector.dll
C:\Program Files\dotnet\sdk\7.0.202\Extensions\Microsoft.TestPlatform.Extensions.EventLogCollector.dll
C:\Program Files\dotnet\sdk\7.0.202\Extensions\Microsoft.TestPlatform.TestHostRuntimeProvider.dll
C:\Program Files\dotnet\sdk\7.0.202\Extensions\Microsoft.VisualStudio.TestPlatform.Extensions.Html.TestLogger.dll
C:\Program Files\dotnet\sdk\7.0.202\Extensions\Microsoft.VisualStudio.TestPlatform.Extensions.Trx.TestLogger.dll
TpTrace Verbose: 0 : 4460, 1, 2023/05/27, 00:13:14.753, 1858278327787, vstest.console.dll, TestPluginCache.GetExtensionPaths: Added unfilterableExtensionPaths: 
TpTrace Verbose: 0 : 4460, 1, 2023/05/27, 00:13:14.753, 1858278328049, vstest.console.dll, TestPluginCache.DiscoverTestExtensions: Discovering the extensions using allExtensionPaths: C:\Program Files\dotnet\sdk\7.0.202\Extensions\Microsoft.Diagnostics.NETCore.Client.dll
C:\Program Files\dotnet\sdk\7.0.202\Extensions\Microsoft.TestPlatform.Extensions.BlameDataCollector.dll
C:\Program Files\dotnet\sdk\7.0.202\Extensions\Microsoft.TestPlatform.Extensions.EventLogCollector.dll
C:\Program Files\dotnet\sdk\7.0.202\Extensions\Microsoft.TestPlatform.TestHostRuntimeProvider.dll
C:\Program Files\dotnet\sdk\7.0.202\Extensions\Microsoft.VisualStudio.TestPlatform.Extensions.Html.TestLogger.dll
C:\Program Files\dotnet\sdk\7.0.202\Extensions\Microsoft.VisualStudio.TestPlatform.Extensions.Trx.TestLogger.dll
TpTrace Information: 0 : 4460, 1, 2023/05/27, 00:13:14.753, 1858278328835, vstest.console.dll, AssemblyResolver.AddSearchDirectories: Adding more searchDirectories C:\Program Files\dotnet\sdk\7.0.202\Extensions,C:\Program Files\dotnet\sdk\7.0.202
TpTrace Information: 0 : 4460, 1, 2023/05/27, 00:13:14.753, 1858278329202, vstest.console.dll, AssemblyResolver.AddSearchDirectories: Adding more searchDirectories C:\Program Files\dotnet\sdk\7.0.202\Extensions,C:\Program Files\dotnet\sdk\7.0.202
TpTrace Information: 0 : 4460, 1, 2023/05/27, 00:13:14.753, 1858278329461, vstest.console.dll, AssemblyResolver.AddSearchDirectories: Adding more searchDirectories C:\Program Files\dotnet\sdk\7.0.202\Extensions,C:\Program Files\dotnet\sdk\7.0.202
TpTrace Information: 0 : 4460, 1, 2023/05/27, 00:13:14.753, 1858278329703, vstest.console.dll, AssemblyResolver.AddSearchDirectories: Adding more searchDirectories C:\Program Files\dotnet\sdk\7.0.202\Extensions,C:\Program Files\dotnet\sdk\7.0.202
TpTrace Information: 0 : 4460, 1, 2023/05/27, 00:13:14.753, 1858278329975, vstest.console.dll, AssemblyResolver.AddSearchDirectories: Adding more searchDirectories C:\Program Files\dotnet\sdk\7.0.202\Extensions,C:\Program Files\dotnet\sdk\7.0.202
TpTrace Information: 0 : 4460, 1, 2023/05/27, 00:13:14.753, 1858278330222, vstest.console.dll, AssemblyResolver.AddSearchDirectories: Adding more searchDirectories C:\Program Files\dotnet\sdk\7.0.202\Extensions,C:\Program Files\dotnet\sdk\7.0.202
TpTrace Verbose: 0 : 4460, 1, 2023/05/27, 00:13:14.753, 1858278331100, vstest.console.dll, MetadataReaderExtensionsHelper: Discovering extensions inside assembly 'Microsoft.Diagnostics.NETCore.Client, Version=0.2.6.42401, Culture=neutral, PublicKeyToken=31bf3856ad364e35' file path 'C:\Program Files\dotnet\sdk\7.0.202\Extensions\Microsoft.Diagnostics.NETCore.Client.dll'
TpTrace Information: 0 : 4460, 1, 2023/05/27, 00:13:14.754, 1858278338078, vstest.console.dll, AssemblyResolver.OnResolve: Microsoft.Bcl.AsyncInterfaces: Resolving assembly.
TpTrace Information: 0 : 4460, 1, 2023/05/27, 00:13:14.754, 1858278338709, vstest.console.dll, AssemblyResolver.OnResolve: Microsoft.Bcl.AsyncInterfaces: Resolved from cache.
TpTrace Verbose: 0 : 4460, 1, 2023/05/27, 00:13:14.754, 1858278338968, vstest.console.dll, CurrentDomainAssemblyResolve: Resolving assembly 'Microsoft.Bcl.AsyncInterfaces'.
TpTrace Information: 0 : 4460, 1, 2023/05/27, 00:13:14.754, 1858278339351, vstest.console.dll, AssemblyResolver.OnResolve: Microsoft.Bcl.AsyncInterfaces: Resolving assembly.
TpTrace Information: 0 : 4460, 1, 2023/05/27, 00:13:14.754, 1858278339588, vstest.console.dll, AssemblyResolver.OnResolve: Microsoft.Bcl.AsyncInterfaces: Resolved from cache.
TpTrace Verbose: 0 : 4460, 1, 2023/05/27, 00:13:14.754, 1858278339799, vstest.console.dll, CurrentDomainAssemblyResolve: Resolving assembly 'Microsoft.Bcl.AsyncInterfaces'.
TpTrace Verbose: 0 : 4460, 1, 2023/05/27, 00:13:14.754, 1858278340051, vstest.console.dll, CurrentDomainAssemblyResolve: Failed to resolve assembly 'Microsoft.Bcl.AsyncInterfaces'.
TpTrace Verbose: 0 : 4460, 1, 2023/05/27, 00:13:14.754, 1858278341208, vstest.console.dll, CurrentDomainAssemblyResolve: Failed to resolve assembly 'Microsoft.Bcl.AsyncInterfaces'.
TpTrace Warning: 0 : 4460, 1, 2023/05/27, 00:13:14.754, 1858278344198, vstest.console.dll, TestPluginDiscoverer: Failed to get types from assembly 'Microsoft.Diagnostics.NETCore.Client, Version=0.2.6.42401, Culture=neutral, PublicKeyToken=31bf3856ad364e35'. Error: System.Reflection.ReflectionTypeLoadException: Unable to load one or more of the requested types.
Could not load file or assembly 'Microsoft.Bcl.AsyncInterfaces, Version=1.0.0.0, Culture=neutral, PublicKeyToken=cc7b13ffcd2ddd51'. Не удается найти указанный файл.
   at System.Reflection.RuntimeModule.GetTypes(RuntimeModule module)
   at System.Reflection.Assembly.GetTypes()
   at Microsoft.VisualStudio.TestPlatform.Common.ExtensionFramework.TestPluginDiscoverer.GetTestExtensionsFromAssembly[TPluginInfo,TExtension](Assembly assembly, Dictionary`2 pluginInfos, String filePath)
System.IO.FileNotFoundException: Could not load file or assembly 'Microsoft.Bcl.AsyncInterfaces, Version=1.0.0.0, Culture=neutral, PublicKeyToken=cc7b13ffcd2ddd51'. Не удается найти указанный файл.
File name: 'Microsoft.Bcl.AsyncInterfaces, Version=1.0.0.0, Culture=neutral, PublicKeyToken=cc7b13ffcd2ddd51'
 ---> System.IO.FileNotFoundException: Could not load file or assembly 'Microsoft.Bcl.AsyncInterfaces, Culture=neutral, PublicKeyToken=null'. Не удается найти указанный файл.
File name: 'Microsoft.Bcl.AsyncInterfaces, Culture=neutral, PublicKeyToken=null'
   at System.Reflection.RuntimeAssembly.InternalLoad(AssemblyName assemblyName, StackCrawlMark& stackMark, AssemblyLoadContext assemblyLoadContext, RuntimeAssembly requestingAssembly, Boolean throwOnFileNotFound)
   at System.Reflection.Assembly.Load(AssemblyName assemblyRef)
   at Microsoft.VisualStudio.TestPlatform.Common.ExtensionFramework.TestPluginCache.CurrentDomainAssemblyResolve(Object sender, AssemblyResolveEventArgs args)
   at System.Runtime.Loader.AssemblyLoadContext.GetFirstResolvedAssemblyFromResolvingEvent(AssemblyName assemblyName)
   at System.Runtime.Loader.AssemblyLoadContext.ResolveUsingEvent(AssemblyName assemblyName)
   at System.Runtime.Loader.AssemblyLoadContext.ResolveUsingResolvingEvent(IntPtr gchManagedAssemblyLoadContext, AssemblyName assemblyName)
TpTrace Warning: 0 : 4460, 1, 2023/05/27, 00:13:14.755, 1858278346225, vstest.console.dll, LoaderExceptions: System.IO.FileNotFoundException: Could not load file or assembly 'Microsoft.Bcl.AsyncInterfaces, Version=1.0.0.0, Culture=neutral, PublicKeyToken=cc7b13ffcd2ddd51'. Не удается найти указанный файл.
File name: 'Microsoft.Bcl.AsyncInterfaces, Version=1.0.0.0, Culture=neutral, PublicKeyToken=cc7b13ffcd2ddd51'
 ---> System.IO.FileNotFoundException: Could not load file or assembly 'Microsoft.Bcl.AsyncInterfaces, Culture=neutral, PublicKeyToken=null'. Не удается найти указанный файл.
File name: 'Microsoft.Bcl.AsyncInterfaces, Culture=neutral, PublicKeyToken=null'
   at System.Reflection.RuntimeAssembly.InternalLoad(AssemblyName assemblyName, StackCrawlMark& stackMark, AssemblyLoadContext assemblyLoadContext, RuntimeAssembly requestingAssembly, Boolean throwOnFileNotFound)
   at System.Reflection.Assembly.Load(AssemblyName assemblyRef)
   at Microsoft.VisualStudio.TestPlatform.Common.ExtensionFramework.TestPluginCache.CurrentDomainAssemblyResolve(Object sender, AssemblyResolveEventArgs args)
   at System.Runtime.Loader.AssemblyLoadContext.GetFirstResolvedAssemblyFromResolvingEvent(AssemblyName assemblyName)
   at System.Runtime.Loader.AssemblyLoadContext.ResolveUsingEvent(AssemblyName assemblyName)
   at System.Runtime.Loader.AssemblyLoadContext.ResolveUsingResolvingEvent(IntPtr gchManagedAssemblyLoadContext, AssemblyName assemblyName)
TpTrace Verbose: 0 : 4460, 1, 2023/05/27, 00:13:14.755, 1858278347167, vstest.console.dll, MetadataReaderExtensionsHelper: Discovering extensions inside assembly 'Microsoft.TestPlatform.Extensions.BlameDataCollector, Version=15.0.0.0, Culture=neutral, PublicKeyToken=b03f5f7f11d50a3a' file path 'C:\Program Files\dotnet\sdk\7.0.202\Extensions\Microsoft.TestPlatform.Extensions.BlameDataCollector.dll'
TpTrace Information: 0 : 4460, 1, 2023/05/27, 00:13:14.755, 1858278352982, vstest.console.dll, GetTestExtensionFromType: Register extension with identifier data 'logger://Microsoft/TestPlatform/Extensions/Blame/v1' and type 'Microsoft.TestPlatform.Extensions.BlameDataCollector.BlameLogger, Microsoft.TestPlatform.Extensions.BlameDataCollector, Version=15.0.0.0, Culture=neutral, PublicKeyToken=b03f5f7f11d50a3a' inside file 'C:\Program Files\dotnet\sdk\7.0.202\Extensions\Microsoft.TestPlatform.Extensions.BlameDataCollector.dll'
TpTrace Verbose: 0 : 4460, 1, 2023/05/27, 00:13:14.755, 1858278353993, vstest.console.dll, MetadataReaderExtensionsHelper: Discovering extensions inside assembly 'Microsoft.TestPlatform.Extensions.EventLogCollector, Version=15.0.0.0, Culture=neutral, PublicKeyToken=b03f5f7f11d50a3a' file path 'C:\Program Files\dotnet\sdk\7.0.202\Extensions\Microsoft.TestPlatform.Extensions.EventLogCollector.dll'
TpTrace Verbose: 0 : 4460, 1, 2023/05/27, 00:13:14.756, 1858278357643, vstest.console.dll, MetadataReaderExtensionsHelper: Discovering extensions inside assembly 'Microsoft.TestPlatform.TestHostRuntimeProvider, Version=15.0.0.0, Culture=neutral, PublicKeyToken=b03f5f7f11d50a3a' file path 'C:\Program Files\dotnet\sdk\7.0.202\Extensions\Microsoft.TestPlatform.TestHostRuntimeProvider.dll'
TpTrace Verbose: 0 : 4460, 1, 2023/05/27, 00:13:14.756, 1858278360625, vstest.console.dll, MetadataReaderExtensionsHelper: Discovering extensions inside assembly 'Microsoft.VisualStudio.TestPlatform.Extensions.Html.TestLogger, Version=15.0.0.0, Culture=neutral, PublicKeyToken=b03f5f7f11d50a3a' file path 'C:\Program Files\dotnet\sdk\7.0.202\Extensions\Microsoft.VisualStudio.TestPlatform.Extensions.Html.TestLogger.dll'
TpTrace Information: 0 : 4460, 1, 2023/05/27, 00:13:14.757, 1858278365159, vstest.console.dll, GetTestExtensionFromType: Register extension with identifier data 'logger://Microsoft/TestPlatform/HtmlLogger/v1' and type 'Microsoft.VisualStudio.TestPlatform.Extensions.HtmlLogger.HtmlLogger, Microsoft.VisualStudio.TestPlatform.Extensions.Html.TestLogger, Version=15.0.0.0, Culture=neutral, PublicKeyToken=b03f5f7f11d50a3a' inside file 'C:\Program Files\dotnet\sdk\7.0.202\Extensions\Microsoft.VisualStudio.TestPlatform.Extensions.Html.TestLogger.dll'
TpTrace Verbose: 0 : 4460, 1, 2023/05/27, 00:13:14.757, 1858278365705, vstest.console.dll, MetadataReaderExtensionsHelper: Discovering extensions inside assembly 'Microsoft.VisualStudio.TestPlatform.Extensions.Trx.TestLogger, Version=15.0.0.0, Culture=neutral, PublicKeyToken=b03f5f7f11d50a3a' file path 'C:\Program Files\dotnet\sdk\7.0.202\Extensions\Microsoft.VisualStudio.TestPlatform.Extensions.Trx.TestLogger.dll'
TpTrace Information: 0 : 4460, 1, 2023/05/27, 00:13:14.757, 1858278368902, vstest.console.dll, GetTestExtensionFromType: Register extension with identifier data 'logger://Microsoft/TestPlatform/TrxLogger/v1' and type 'Microsoft.VisualStudio.TestPlatform.Extensions.TrxLogger.TrxLogger, Microsoft.VisualStudio.TestPlatform.Extensions.Trx.TestLogger, Version=15.0.0.0, Culture=neutral, PublicKeyToken=b03f5f7f11d50a3a' inside file 'C:\Program Files\dotnet\sdk\7.0.202\Extensions\Microsoft.VisualStudio.TestPlatform.Extensions.Trx.TestLogger.dll'
TpTrace Verbose: 0 : 4460, 1, 2023/05/27, 00:13:14.757, 1858278369573, vstest.console.dll, TestPluginCache: Discovered the extensions using extension path ''.
TpTrace Verbose: 0 : 4460, 1, 2023/05/27, 00:13:14.757, 1858278369858, vstest.console.dll, TestPluginCache: Discoverers are ''.
TpTrace Verbose: 0 : 4460, 1, 2023/05/27, 00:13:14.757, 1858278370065, vstest.console.dll, TestPluginCache: Executors are ''.
TpTrace Verbose: 0 : 4460, 1, 2023/05/27, 00:13:14.757, 1858278370261, vstest.console.dll, TestPluginCache: Executors2 are ''.
TpTrace Verbose: 0 : 4460, 1, 2023/05/27, 00:13:14.757, 1858278370457, vstest.console.dll, TestPluginCache: Setting providers are ''.
TpTrace Verbose: 0 : 4460, 1, 2023/05/27, 00:13:14.757, 1858278370974, vstest.console.dll, TestPluginCache: Loggers are 'logger://Microsoft/TestPlatform/Extensions/Blame/v1,logger://Microsoft/TestPlatform/HtmlLogger/v1,logger://Microsoft/TestPlatform/TrxLogger/v1'.
TpTrace Verbose: 0 : 4460, 1, 2023/05/27, 00:13:14.757, 1858278371326, vstest.console.dll, TestPluginCache: TestHosts are 'HostProvider://DefaultTestHost,HostProvider://DotnetTestHost'.
TpTrace Verbose: 0 : 4460, 1, 2023/05/27, 00:13:14.757, 1858278371567, vstest.console.dll, TestPluginCache: DataCollectors are ''.
TpTrace Information: 0 : 4460, 1, 2023/05/27, 00:13:14.758, 1858278377842, vstest.console.dll, TestPluginManager.CreateTestExtension: Attempting to load test extension: Microsoft.TestPlatform.Extensions.BlameDataCollector.BlameLogger
TpTrace Verbose: 0 : 4460, 1, 2023/05/27, 00:13:14.763, 1858278433246, vstest.console.dll, TestEngine: Initializing Parallel Execution as MaxCpuCount is set to: 1
TpTrace Information: 0 : 4460, 1, 2023/05/27, 00:13:14.765, 1858278445484, vstest.console.dll, TestPluginManager.CreateTestExtension: Attempting to load test extension: Microsoft.VisualStudio.TestPlatform.CrossPlatEngine.Hosting.DefaultTestHostManager
TpTrace Information: 0 : 4460, 1, 2023/05/27, 00:13:14.765, 1858278453482, vstest.console.dll, TestPluginManager.CreateTestExtension: Attempting to load test extension: Microsoft.VisualStudio.TestPlatform.CrossPlatEngine.Hosting.DotnetTestHostManager
TpTrace Information: 0 : 4460, 1, 2023/05/27, 00:13:14.766, 1858278458365, vstest.console.dll, InferRunSettingsHelper.IsTestSettingsEnabled: Unable to navigate to RunSettings/MSTest. Current node: RunSettings
TpTrace Verbose: 0 : 4460, 1, 2023/05/27, 00:13:14.769, 1858278489835, vstest.console.dll, TestEngine.GetExecutionManager: Chosen execution manager 'Microsoft.VisualStudio.TestPlatform.CrossPlatEngine.Client.Parallel.ParallelProxyExecutionManager, Microsoft.TestPlatform.CrossPlatEngine, Version=15.0.0.0, Culture=neutral, PublicKeyToken=b03f5f7f11d50a3a' ParallelLevel '1'.
TpTrace Verbose: 0 : 4460, 1, 2023/05/27, 00:13:14.769, 1858278490793, vstest.console.dll, TestRunRequest.ExecuteAsync: Creating test run request.
TpTrace Verbose: 0 : 4460, 1, 2023/05/27, 00:13:14.769, 1858278492562, vstest.console.dll, TestRunRequest.ExecuteAsync: Starting.
TpTrace Information: 0 : 4460, 1, 2023/05/27, 00:13:14.769, 1858278494606, vstest.console.dll, TestRunRequest.ExecuteAsync: Starting run with settings:TestRunCriteria:
   KeepAlive=False,FrequencyOfRunStatsChangeEvent=10,RunStatsChangeEventTimeout=00:00:01.5000000,TestCaseFilter=,TestExecutorLauncher=
   Settingsxml=<RunSettings>
  <RunConfiguration>
    <ResultsDirectory>D:\GITHUB\pnipucpp\2c-4sem\csharp\lab4_test\bin\Debug\net6.0\fine-code-coverage\coverage-tool-output</ResultsDirectory>
    <TargetPlatform>X64</TargetPlatform>
    <TargetFrameworkVersion>.NETCoreApp,Version=v6.0</TargetFrameworkVersion>
    <DesignMode>False</DesignMode>
    <CollectSourceInformation>False</CollectSourceInformation>
  </RunConfiguration>
  <LoggerRunSettings>
    <Loggers>
      <Logger friendlyName="blame" enabled="True" />
      <Logger friendlyName="Console" uri="logger://microsoft/TestPlatform/ConsoleLogger/v1" assemblyQualifiedName="Microsoft.VisualStudio.TestPlatform.CommandLine.Internal.ConsoleLogger, vstest.console, Version=15.0.0.0, Culture=neutral, PublicKeyToken=b03f5f7f11d50a3a" codeBase="C:\Program Files\dotnet\sdk\7.0.202\vstest.console.dll" enabled="True" />
    </Loggers>
  </LoggerRunSettings>
  <DataCollectionRunSettings>
    <DataCollectors>
      <DataCollector friendlyName="blame" enabled="True">
        <Configuration>
          <ResultsDirectory>D:\GITHUB\pnipucpp\2c-4sem\csharp\lab4_test\bin\Debug\net6.0\fine-code-coverage\coverage-tool-output</ResultsDirectory>
        </Configuration>
      </DataCollector>
    </DataCollectors>
  </DataCollectionRunSettings>
</RunSettings>

TpTrace Verbose: 0 : 4460, 1, 2023/05/27, 00:13:14.770, 1858278495052, vstest.console.dll, TestRunRequest.ExecuteAsync: Wait for the first run request is over.
TpTrace Verbose: 0 : 4460, 1, 2023/05/27, 00:13:14.770, 1858278496949, vstest.console.dll, MulticastDelegateUtilities.SafeInvoke: TestRun.TestRunStart: Invoking callbacks was skipped because there are no subscribers.
TpTrace Verbose: 0 : 4460, 4, 2023/05/27, 00:13:14.770, 1858278498464, vstest.console.dll, MulticastDelegateUtilities.SafeInvoke: InternalTestLoggerEvents.SendTestRunStart: Invoking callback 1/1 for Microsoft.VisualStudio.TestPlatform.CommandLine.Internal.ConsoleLogger., took 0 ms.
TpTrace Verbose: 0 : 4460, 1, 2023/05/27, 00:13:14.771, 1858278505955, vstest.console.dll, ParallelProxyExecutionManager: Start execution. Total sources: 1
TpTrace Verbose: 0 : 4460, 1, 2023/05/27, 00:13:14.772, 1858278517765, vstest.console.dll, TestRequestSender is acting as server.
TpTrace Verbose: 0 : 4460, 1, 2023/05/27, 00:13:14.773, 1858278528461, vstest.console.dll, DataCollectionRequestSender.InitializeCommunication : Initialize communication. 
TpTrace Information: 0 : 4460, 1, 2023/05/27, 00:13:14.776, 1858278557832, vstest.console.dll, Listening on Endpoint : 127.0.0.1:54429
TpTrace Verbose: 0 : 4460, 1, 2023/05/27, 00:13:14.781, 1858278609217, vstest.console.dll, DotnetDataCollectionLauncher: Adding  --runtimeconfig "C:\Program Files\dotnet\sdk\7.0.202\datacollector.runtimeconfig.json" in args
TpTrace Verbose: 0 : 4460, 1, 2023/05/27, 00:13:14.781, 1858278610101, vstest.console.dll, DotnetDataCollectionLauncher: Adding  --depsfile "C:\Program Files\dotnet\sdk\7.0.202\datacollector.deps.json" in args
TpTrace Verbose: 0 : 4460, 1, 2023/05/27, 00:13:14.781, 1858278612104, vstest.console.dll, DotnetDataCollectionLauncher: Full path of dotnet.exe is C:\Program Files\dotnet\dotnet.exe
TpTrace Information: 0 : 4460, 1, 2023/05/27, 00:13:14.786, 1858278656589, vstest.console.dll, ProxyDataCollectionManager.Initialize: Launched datacollector processId: 2912 port: 54429
TpTrace Information: 0 : 4460, 1, 2023/05/27, 00:13:14.786, 1858278657724, vstest.console.dll, ProxyDataCollectionManager.Initialize: waiting for connection with timeout: 90 seconds
TpTrace Verbose: 0 : 4460, 1, 2023/05/27, 00:13:14.786, 1858278658190, vstest.console.dll, DataCollectionRequestSender.WaitForRequestHandlerConnection : Waiting for connection with timeout: 90000
TpTrace Information: 0 : 4460, 7, 2023/05/27, 00:13:14.894, 1858279743964, vstest.console.dll, Using the buffer size of 16384 bytes
TpTrace Information: 0 : 4460, 7, 2023/05/27, 00:13:14.894, 1858279744832, vstest.console.dll, Accepted Client request and set the flag
TpTrace Verbose: 0 : 4460, 1, 2023/05/27, 00:13:14.894, 1858279744376, vstest.console.dll, SocketCommunicationManager.WaitForClientConnection took: 108 ms, with 90000 ms timeout, and finished with True.
TpTrace Verbose: 0 : 4460, 1, 2023/05/27, 00:13:14.895, 1858279745940, vstest.console.dll, ProxyDataCollectionManager.InvokeDataCollectionServiceAction: Starting.
TpTrace Information: 0 : 4460, 1, 2023/05/27, 00:13:14.895, 1858279746440, vstest.console.dll, ProxyDataCollectionManager.BeforeTestRunStart: Get environment variable and port for datacollector processId: 2912 port: 54429
TpTrace Verbose: 0 : 4460, 1, 2023/05/27, 00:13:14.895, 1858279747151, vstest.console.dll, DataCollectionRequestSender.SendBeforeTestRunStartAndGetResult: Send BeforeTestRunStart message with settingsXml <RunSettings><RunConfiguration><ResultsDirectory>D:\GITHUB\pnipucpp\2c-4sem\csharp\lab4_test\bin\Debug\net6.0\fine-code-coverage\coverage-tool-output</ResultsDirectory><TargetPlatform>X64</TargetPlatform><TargetFrameworkVersion>.NETCoreApp,Version=v6.0</TargetFrameworkVersion><DesignMode>False</DesignMode><CollectSourceInformation>False</CollectSourceInformation><TestAdaptersPaths>C:\Program Files\dotnet\sdk\7.0.202\Extensions</TestAdaptersPaths></RunConfiguration><LoggerRunSettings><Loggers><Logger friendlyName="blame" enabled="True" /><Logger friendlyName="Console" uri="logger://microsoft/TestPlatform/ConsoleLogger/v1" assemblyQualifiedName="Microsoft.VisualStudio.TestPlatform.CommandLine.Internal.ConsoleLogger, vstest.console, Version=15.0.0.0, Culture=neutral, PublicKeyToken=b03f5f7f11d50a3a" codeBase="C:\Program Files\dotnet\sdk\7.0.202\vstest.console.dll" enabled="True" /></Loggers></LoggerRunSettings><DataCollectionRunSettings><DataCollectors><DataCollector friendlyName="blame" enabled="True"><Configuration><ResultsDirectory>D:\GITHUB\pnipucpp\2c-4sem\csharp\lab4_test\bin\Debug\net6.0\fine-code-coverage\coverage-tool-output</ResultsDirectory></Configuration></DataCollector></DataCollectors></DataCollectionRunSettings></RunSettings> and sources System.Collections.Generic.List`1[System.String]: 
TpTrace Verbose: 0 : 4460, 1, 2023/05/27, 00:13:14.955, 1858280345021, vstest.console.dll, DataCollectionRequestSender.SendBeforeTestRunStartAndGetResult: Received message: (DataCollection.SendMessage) -> {"MessageType":"DataCollection.SendMessage","Payload":{"FriendlyName":null,"Uri":null,"TestCaseId":"00000000-0000-0000-0000-000000000000","Message":"Logging DataCollector Diagnostics in file: D:\\GITHUB\\pnipucpp\\2c-4sem\\csharp\\lab4_test\\bin\\Debug\\net6.0\\fine-code-coverage\\coverage-tool-output\\diagnostics.datacollector.23-05-27_00-13-14_78124_1.log","Level":0}}
TpTrace Verbose: 0 : 4460, 1, 2023/05/27, 00:13:15.016, 1858280964333, vstest.console.dll, DataCollectionRequestSender.SendBeforeTestRunStartAndGetResult: Received message: (DataCollection.BeforeTestRunStartResult) -> {"MessageType":"DataCollection.BeforeTestRunStartResult","Payload":{"EnvironmentVariables":{},"DataCollectionEventsPort":54431}}
TpTrace Information: 0 : 4460, 1, 2023/05/27, 00:13:15.020, 1858280998223, vstest.console.dll, ProxyDataCollectionManager.BeforeTestRunStart: SendBeforeTestRunStartAndGetResult successful, env variable from datacollector:   and testhost port: 54431
TpTrace Information: 0 : 4460, 1, 2023/05/27, 00:13:15.020, 1858280998737, vstest.console.dll, ProxyDataCollectionManager.InvokeDataCollectionServiceAction: Completed.
TpTrace Verbose: 0 : 4460, 7, 2023/05/27, 00:13:15.020, 1858280999462, vstest.console.dll, ParallelProxyExecutionManager: Execution started. Started clients: 1
TpTrace Verbose: 0 : 4460, 1, 2023/05/27, 00:13:15.020, 1858280999719, vstest.console.dll, ProxyParallelExecutionManager: No sources available for execution.
TpTrace Information: 0 : 4460, 1, 2023/05/27, 00:13:15.020, 1858281000269, vstest.console.dll, TestRunRequest.ExecuteAsync: Started.
TpTrace Verbose: 0 : 4460, 1, 2023/05/27, 00:13:15.020, 1858281000761, vstest.console.dll, TestRunRequest.WaitForCompletion: Waiting with timeout -1.
TpTrace Verbose: 0 : 4460, 7, 2023/05/27, 00:13:15.020, 1858281001220, vstest.console.dll, TestRunRequest:SendTestRunMessage: Starting.
TpTrace Verbose: 0 : 4460, 7, 2023/05/27, 00:13:15.020, 1858281002134, vstest.console.dll, MulticastDelegateUtilities.SafeInvoke: TestRun.LogMessages: Invoking callback 1/1 for Microsoft.VisualStudio.TestPlatform.CommandLine.TestRunResultAggregator., took 0 ms.
TpTrace Information: 0 : 4460, 7, 2023/05/27, 00:13:15.020, 1858281002420, vstest.console.dll, TestRunRequest:SendTestRunMessage: Completed.
TpTrace Verbose: 0 : 4460, 7, 2023/05/27, 00:13:15.020, 1858281003540, vstest.console.dll, ProxyExecutionManager: Test host is always Lazy initialize.
TpTrace Verbose: 0 : 4460, 4, 2023/05/27, 00:13:15.020, 1858281003616, vstest.console.dll, MulticastDelegateUtilities.SafeInvoke: InternalTestLoggerEvents.SendTestRunMessage: Invoking callback 1/1 for Microsoft.VisualStudio.TestPlatform.CommandLine.Internal.ConsoleLogger., took 0 ms.
TpTrace Verbose: 0 : 4460, 7, 2023/05/27, 00:13:15.021, 1858281005150, vstest.console.dll, TestRequestSender.InitializeCommunication: initialize communication. 
TpTrace Information: 0 : 4460, 7, 2023/05/27, 00:13:15.021, 1858281008526, vstest.console.dll, SocketServer.Start: Listening on endpoint : 127.0.0.1:54432
TpTrace Verbose: 0 : 4460, 7, 2023/05/27, 00:13:15.021, 1858281014406, vstest.console.dll, DotnetTestHostmanager.GetTestHostProcessStartInfo: Platform environment 'X64' target architecture 'X64' framework '.NETCoreApp,Version=v6.0' OS 'Windows'
TpTrace Verbose: 0 : 4460, 7, 2023/05/27, 00:13:15.022, 1858281015509, vstest.console.dll, DotnetTestHostmanager: Adding  --runtimeconfig "D:\GITHUB\pnipucpp\2c-4sem\csharp\lab4_test\bin\Debug\net6.0\fine-code-coverage\build-output\lab4_test.runtimeconfig.json" in args
TpTrace Verbose: 0 : 4460, 7, 2023/05/27, 00:13:15.022, 1858281015945, vstest.console.dll, DotnetTestHostmanager: Adding  --depsfile "D:\GITHUB\pnipucpp\2c-4sem\csharp\lab4_test\bin\Debug\net6.0\fine-code-coverage\build-output\lab4_test.deps.json" in args
TpTrace Verbose: 0 : 4460, 7, 2023/05/27, 00:13:15.022, 1858281016946, vstest.console.dll, DotnetTestHostmanager.IsWinOnArm: Current PROCESSOR_ARCHITECTURE from environment variable 'AMD64'
TpTrace Verbose: 0 : 4460, 7, 2023/05/27, 00:13:15.022, 1858281017382, vstest.console.dll, DotnetTestHostmanager.IsWinOnArm: Is Windows on ARM 'False'
TpTrace Verbose: 0 : 4460, 7, 2023/05/27, 00:13:15.022, 1858281017804, vstest.console.dll, DotnetTestHostManager: testhost.exe found at path: D:\GITHUB\pnipucpp\2c-4sem\csharp\lab4_test\bin\Debug\net6.0\fine-code-coverage\build-output\testhost.exe
TpTrace Verbose: 0 : 4460, 7, 2023/05/27, 00:13:15.022, 1858281018084, vstest.console.dll, DotnetTestHostmanager: Full path of host exe is D:\GITHUB\pnipucpp\2c-4sem\csharp\lab4_test\bin\Debug\net6.0\fine-code-coverage\build-output\testhost.exe
TpTrace Verbose: 0 : 4460, 7, 2023/05/27, 00:13:15.022, 1858281018911, vstest.console.dll, DotnetTestHostmanager.LaunchTestHostAsync: Found 'VSTEST_WINAPPHOST_DOTNET_ROOT' in env variables, value 'C:\Program Files\dotnet', forwarding to 'DOTNET_ROOT'
TpTrace Verbose: 0 : 4460, 7, 2023/05/27, 00:13:15.022, 1858281020091, vstest.console.dll, DotnetTestHostManager: Starting process 'D:\GITHUB\pnipucpp\2c-4sem\csharp\lab4_test\bin\Debug\net6.0\fine-code-coverage\build-output\testhost.exe' with command line ' --runtimeconfig "D:\GITHUB\pnipucpp\2c-4sem\csharp\lab4_test\bin\Debug\net6.0\fine-code-coverage\build-output\lab4_test.runtimeconfig.json" --depsfile "D:\GITHUB\pnipucpp\2c-4sem\csharp\lab4_test\bin\Debug\net6.0\fine-code-coverage\build-output\lab4_test.deps.json" --port 54432 --endpoint 127.0.0.1:054432 --role client --parentprocessid 4460 --diag "D:\GITHUB\pnipucpp\2c-4sem\csharp\lab4_test\bin\Debug\net6.0\fine-code-coverage\coverage-tool-output\diagnostics.host.23-05-27_00-13-15_02164_7.log" --tracelevel 4 --datacollectionport 54431 --telemetryoptedin false'
TpTrace Verbose: 0 : 4460, 7, 2023/05/27, 00:13:15.048, 1858281283535, vstest.console.dll, MulticastDelegateUtilities.SafeInvoke: HostProviderEvents.OnHostLaunched: Invoking callback 1/2 for Microsoft.VisualStudio.TestPlatform.CrossPlatEngine.Client.ProxyExecutionManagerWithDataCollection., took 0 ms.
TpTrace Verbose: 0 : 4460, 7, 2023/05/27, 00:13:15.049, 1858281285722, vstest.console.dll, Test Runtime launched
TpTrace Verbose: 0 : 4460, 7, 2023/05/27, 00:13:15.049, 1858281286222, vstest.console.dll, MulticastDelegateUtilities.SafeInvoke: HostProviderEvents.OnHostLaunched: Invoking callback 2/2 for Microsoft.VisualStudio.TestPlatform.CrossPlatEngine.Client.ProxyOperationManager., took 0 ms.
TpTrace Verbose: 0 : 4460, 7, 2023/05/27, 00:13:15.049, 1858281287606, vstest.console.dll, TestRequestSender.WaitForRequestHandlerConnection: waiting for connection with timeout: 90000.
TpTrace Verbose: 0 : 4460, 11, 2023/05/27, 00:13:15.190, 1858282699099, vstest.console.dll, MulticastDelegateUtilities.SafeInvoke: SocketServer: ClientConnected: Invoking callback 1/1 for Microsoft.VisualStudio.TestPlatform.CommunicationUtilities.TestRequestSender., took 0 ms.
TpTrace Verbose: 0 : 4460, 7, 2023/05/27, 00:13:15.190, 1858282699099, vstest.console.dll, TestRequestSender.WaitForRequestHandlerConnection: waiting took 141 ms, with timeout 90000 ms, and result 0, which is success.
TpTrace Verbose: 0 : 4460, 11, 2023/05/27, 00:13:15.190, 1858282699890, vstest.console.dll, SocketServer.OnClientConnected: Client connected for endPoint: 127.0.0.1:54432, starting MessageLoopAsync:
TpTrace Verbose: 0 : 4460, 11, 2023/05/27, 00:13:15.190, 1858282701871, vstest.console.dll, TcpClientExtensions.MessageLoopAsync: Polling on remoteEndPoint: 127.0.0.1:54433 localEndPoint: 127.0.0.1:54432
TpTrace Verbose: 0 : 4460, 7, 2023/05/27, 00:13:15.191, 1858282705951, vstest.console.dll, TestRequestSender.CheckVersionWithTestHost: Sending check version message: {"MessageType":"ProtocolVersion","Payload":7}
TpTrace Verbose: 0 : 4460, 11, 2023/05/27, 00:13:15.397, 1858284769771, vstest.console.dll, TcpClientExtensions.MessageLoopAsync: NotifyDataAvailable remoteEndPoint: 127.0.0.1:54433 localEndPoint: 127.0.0.1:54432
TpTrace Verbose: 0 : 4460, 11, 2023/05/27, 00:13:15.397, 1858284771325, vstest.console.dll, TestRequestSender.CheckVersionWithTestHost: onMessageReceived received message: (ProtocolVersion) -> {"MessageType":"ProtocolVersion","Payload":7}
TpTrace Verbose: 0 : 4460, 11, 2023/05/27, 00:13:15.398, 1858284776371, vstest.console.dll, MulticastDelegateUtilities.SafeInvoke: LengthPrefixCommunicationChannel: MessageReceived: Invoking callback 1/1 for Microsoft.VisualStudio.TestPlatform.CommunicationUtilities.TestRequestSender+<>c__DisplayClass29_0., took 0 ms.
TpTrace Verbose: 0 : 4460, 11, 2023/05/27, 00:13:15.398, 1858284776991, vstest.console.dll, TcpClientExtensions.MessageLoopAsync: Polling on remoteEndPoint: 127.0.0.1:54433 localEndPoint: 127.0.0.1:54432
TpTrace Verbose: 0 : 4460, 7, 2023/05/27, 00:13:15.398, 1858284777190, vstest.console.dll, TestPluginCache.GetExtensionPaths: Filtered extension paths: 
TpTrace Verbose: 0 : 4460, 7, 2023/05/27, 00:13:15.398, 1858284777678, vstest.console.dll, TestPluginCache.GetExtensionPaths: Added default extension paths: C:\Program Files\dotnet\sdk\7.0.202\Extensions\Microsoft.Diagnostics.NETCore.Client.dll
C:\Program Files\dotnet\sdk\7.0.202\Extensions\Microsoft.TestPlatform.Extensions.BlameDataCollector.dll
C:\Program Files\dotnet\sdk\7.0.202\Extensions\Microsoft.TestPlatform.Extensions.EventLogCollector.dll
C:\Program Files\dotnet\sdk\7.0.202\Extensions\Microsoft.TestPlatform.TestHostRuntimeProvider.dll
C:\Program Files\dotnet\sdk\7.0.202\Extensions\Microsoft.VisualStudio.TestPlatform.Extensions.Html.TestLogger.dll
C:\Program Files\dotnet\sdk\7.0.202\Extensions\Microsoft.VisualStudio.TestPlatform.Extensions.Trx.TestLogger.dll
TpTrace Verbose: 0 : 4460, 7, 2023/05/27, 00:13:15.398, 1858284777934, vstest.console.dll, TestPluginCache.GetExtensionPaths: Added unfilterableExtensionPaths: 
TpTrace Verbose: 0 : 4460, 7, 2023/05/27, 00:13:15.400, 1858284798533, vstest.console.dll, TestRequestSender.InitializeExecution: Sending initialize execution with message: {"Version":7,"MessageType":"TestExecution.Initialize","Payload":["D:\\GITHUB\\pnipucpp\\2c-4sem\\csharp\\lab4_test\\bin\\Debug\\net6.0\\fine-code-coverage\\build-output\\Microsoft.VisualStudio.TestPlatform.MSTest.TestAdapter.dll"]}
TpTrace Warning: 0 : 4460, 7, 2023/05/27, 00:13:15.400, 1858284801806, vstest.console.dll, InferRunSettingsHelper.MakeRunsettingsCompatible: Removing the following settings: TargetPlatform from RunSettings file. To use those settings please move to latest version of Microsoft.NET.Test.Sdk
TpTrace Verbose: 0 : 4460, 7, 2023/05/27, 00:13:15.405, 1858284850715, vstest.console.dll, TestRequestSender.StartTestRun: Sending test run with message: {"Version":7,"MessageType":"TestExecution.StartWithSources","Payload":{"AdapterSourceMap":{"_none_":["D:\\GITHUB\\pnipucpp\\2c-4sem\\csharp\\lab4_test\\bin\\Debug\\net6.0\\fine-code-coverage\\build-output\\lab4_test.dll"]},"RunSettings":"<RunSettings>\r\n  <RunConfiguration>\r\n    <ResultsDirectory>D:\\GITHUB\\pnipucpp\\2c-4sem\\csharp\\lab4_test\\bin\\Debug\\net6.0\\fine-code-coverage\\coverage-tool-output</ResultsDirectory>\r\n    <TargetFrameworkVersion>.NETCoreApp,Version=v6.0</TargetFrameworkVersion>\r\n    <DesignMode>False</DesignMode>\r\n    <CollectSourceInformation>False</CollectSourceInformation>\r\n  </RunConfiguration>\r\n  <LoggerRunSettings>\r\n    <Loggers>\r\n      <Logger friendlyName=\"blame\" enabled=\"True\" />\r\n      <Logger friendlyName=\"Console\" uri=\"logger://microsoft/TestPlatform/ConsoleLogger/v1\" assemblyQualifiedName=\"Microsoft.VisualStudio.TestPlatform.CommandLine.Internal.ConsoleLogger, vstest.console, Version=15.0.0.0, Culture=neutral, PublicKeyToken=b03f5f7f11d50a3a\" codeBase=\"C:\\Program Files\\dotnet\\sdk\\7.0.202\\vstest.console.dll\" enabled=\"True\" />\r\n    </Loggers>\r\n  </LoggerRunSettings>\r\n  <DataCollectionRunSettings>\r\n    <DataCollectors>\r\n      <DataCollector friendlyName=\"blame\" enabled=\"True\">\r\n        <Configuration>\r\n          <ResultsDirectory>D:\\GITHUB\\pnipucpp\\2c-4sem\\csharp\\lab4_test\\bin\\Debug\\net6.0\\fine-code-coverage\\coverage-tool-output</ResultsDirectory>\r\n        </Configuration>\r\n      </DataCollector>\r\n    </DataCollectors>\r\n  </DataCollectionRunSettings>\r\n</RunSettings>","TestExecutionContext":{"FrequencyOfRunStatsChangeEvent":10,"RunStatsChangeEventTimeout":"00:00:01.5000000","InIsolation":false,"KeepAlive":false,"AreTestCaseLevelEventsRequired":false,"IsDebug":false,"TestCaseFilter":null,"FilterOptions":null},"Package":null}}
TpTrace Verbose: 0 : 4460, 11, 2023/05/27, 00:13:15.466, 1858285457134, vstest.console.dll, TcpClientExtensions.MessageLoopAsync: NotifyDataAvailable remoteEndPoint: 127.0.0.1:54433 localEndPoint: 127.0.0.1:54432
TpTrace Verbose: 0 : 4460, 11, 2023/05/27, 00:13:15.466, 1858285464129, vstest.console.dll, TestRequestSender.OnExecutionMessageReceived: Received message: {"Version":7,"MessageType":"TestSession.Message","Payload":{"MessageLevel":0,"Message":"Ведение журналов диагностики TestHost в файле: D:\\GITHUB\\pnipucpp\\2c-4sem\\csharp\\lab4_test\\bin\\Debug\\net6.0\\fine-code-coverage\\coverage-tool-output\\diagnostics.host.23-05-27_00-13-15_02164_7.log"}}
TpTrace Verbose: 0 : 4460, 11, 2023/05/27, 00:13:15.469, 1858285486415, vstest.console.dll, TestRunRequest:SendTestRunMessage: Starting.
TpTrace Verbose: 0 : 4460, 11, 2023/05/27, 00:13:15.469, 1858285487569, vstest.console.dll, MulticastDelegateUtilities.SafeInvoke: TestRun.LogMessages: Invoking callback 1/1 for Microsoft.VisualStudio.TestPlatform.CommandLine.TestRunResultAggregator., took 0 ms.
TpTrace Information: 0 : 4460, 11, 2023/05/27, 00:13:15.469, 1858285487860, vstest.console.dll, TestRunRequest:SendTestRunMessage: Completed.
TpTrace Verbose: 0 : 4460, 4, 2023/05/27, 00:13:15.469, 1858285488023, vstest.console.dll, MulticastDelegateUtilities.SafeInvoke: InternalTestLoggerEvents.SendTestRunMessage: Invoking callback 1/1 for Microsoft.VisualStudio.TestPlatform.CommandLine.Internal.ConsoleLogger., took 0 ms.
TpTrace Verbose: 0 : 4460, 11, 2023/05/27, 00:13:15.469, 1858285488154, vstest.console.dll, MulticastDelegateUtilities.SafeInvoke: LengthPrefixCommunicationChannel: MessageReceived: Invoking callback 1/1 for Microsoft.VisualStudio.TestPlatform.CommunicationUtilities.TestRequestSender+<>c__DisplayClass34_0., took 2 ms.
TpTrace Verbose: 0 : 4460, 11, 2023/05/27, 00:13:15.469, 1858285489241, vstest.console.dll, TcpClientExtensions.MessageLoopAsync: Polling on remoteEndPoint: 127.0.0.1:54433 localEndPoint: 127.0.0.1:54432
TpTrace Verbose: 0 : 4460, 11, 2023/05/27, 00:13:15.880, 1858289596111, vstest.console.dll, TcpClientExtensions.MessageLoopAsync: NotifyDataAvailable remoteEndPoint: 127.0.0.1:54433 localEndPoint: 127.0.0.1:54432
TpTrace Verbose: 0 : 4460, 11, 2023/05/27, 00:13:15.880, 1858289599467, vstest.console.dll, TestRequestSender.OnExecutionMessageReceived: Received message: {"Version":7,"MessageType":"TestExecution.Completed","Payload":{"TestRunCompleteArgs":{"TestRunStatistics":{"ExecutedTests":4,"Stats":{"Passed":4}},"IsCanceled":false,"IsAborted":false,"Error":null,"AttachmentSets":[],"InvokedDataCollectors":[],"ElapsedTimeInRunningTests":"00:00:00.1792924","Metrics":{},"DiscoveredExtensions":{"TestDiscoverers":["Microsoft.VisualStudio.TestPlatform.MSTest.TestAdapter.MSTestDiscoverer, Microsoft.VisualStudio.TestPlatform.MSTest.TestAdapter, Version=14.0.0.0, Culture=neutral, PublicKeyToken=b03f5f7f11d50a3a"],"TestExecutors":["executor://MSTestAdapter/v2"],"TestExecutors2":[],"TestSettingsProviders":[]}},"LastRunTests":{"NewTestResults":[{"TestCase":{"Id":"b712f08e-ad0f-f1fd-86eb-ebf03a5495b5","FullyQualifiedName":"lab4.UnitTest1.RemoveFromArrayTest","DisplayName":"RemoveFromArrayTest","ExecutorUri":"executor://MSTestAdapter/v2","Source":"D:\\GITHUB\\pnipucpp\\2c-4sem\\csharp\\lab4_test\\bin\\Debug\\net6.0\\fine-code-coverage\\build-output\\lab4_test.dll","CodeFilePath":null,"LineNumber":-1,"Properties":[{"Key":{"Id":"TestCase.ManagedType","Label":"ManagedType","Category":"","Description":"","Attributes":1,"ValueType":"System.String"},"Value":"lab4.UnitTest1"},{"Key":{"Id":"TestCase.ManagedMethod","Label":"ManagedMethod","Category":"","Description":"","Attributes":1,"ValueType":"System.String"},"Value":"RemoveFromArrayTest"},{"Key":{"Id":"MSTestDiscoverer.TestClassName","Label":"ClassName","Category":"","Description":"","Attributes":1,"ValueType":"System.String"},"Value":"lab4.UnitTest1"},{"Key":{"Id":"TestCase.Hierarchy","Label":"Hierarchy","Category":"","Description":"","Attributes":2,"ValueType":"System.String[]"},"Value":["lab4","UnitTest1"]},{"Key":{"Id":"TestObject.Traits","Label":"Traits","Category":"","Description":"","Attributes":5,"ValueType":"System.Collections.Generic.KeyValuePair`2[[System.String],[System.String]][]"},"Value":[]}]},"Attachments":[],"Outcome":1,"ErrorMessage":null,"ErrorStackTrace":null,"DisplayName":"RemoveFromArrayTest","Messages":[],"ComputerName":null,"Duration":"00:00:00.0052336","StartTime":"2023-05-27T00:13:15.8059696+05:00","EndTime":"2023-05-27T00:13:15.8231974+05:00","Properties":[{"Key":{"Id":"ExecutionId","Label":"ExecutionId","Category":"","Description":"","Attributes":1,"ValueType":"System.Guid"},"Value":"00000000-0000-0000-0000-000000000000"},{"Key":{"Id":"ParentExecId","Label":"ParentExecId","Category":"","Description":"","Attributes":1,"ValueType":"System.Guid"},"Value":"00000000-0000-0000-0000-000000000000"},{"Key":{"Id":"InnerResultsCount","Label":"InnerResultsCount","Category":"","Description":"","Attributes":1,"ValueType":"System.Int32"},"Value":0}]},{"TestCase":{"Id":"7eb56148-7acd-2870-2fbe-87d0a6687055","FullyQualifiedName":"lab4.UnitTest1.InsertElemFrom_Test","DisplayName":"InsertElemFrom_Test","ExecutorUri":"executor://MSTestAdapter/v2","Source":"D:\\GITHUB\\pnipucpp\\2c-4sem\\csharp\\lab4_test\\bin\\Debug\\net6.0\\fine-code-coverage\\build-output\\lab4_test.dll","CodeFilePath":null,"LineNumber":-1,"Properties":[{"Key":{"Id":"TestCase.ManagedType","Label":"ManagedType","Category":"","Description":"","Attributes":1,"ValueType":"System.String"},"Value":"lab4.UnitTest1"},{"Key":{"Id":"TestCase.ManagedMethod","Label":"ManagedMethod","Category":"","Description":"","Attributes":1,"ValueType":"System.String"},"Value":"InsertElemFrom_Test"},{"Key":{"Id":"MSTestDiscoverer.TestClassName","Label":"ClassName","Category":"","Description":"","Attributes":1,"ValueType":"System.String"},"Value":"lab4.UnitTest1"},{"Key":{"Id":"TestCase.Hierarchy","Label":"Hierarchy","Category":"","Description":"","Attributes":2,"ValueType":"System.String[]"},"Value":["lab4","UnitTest1"]},{"Key":{"Id":"TestObject.Traits","Label":"Traits","Category":"","Description":"","Attributes":5,"ValueType":"System.Collections.Generic.KeyValuePair`2[[System.String],[System.String]][]"},"Value":[]}]},"Attachments":[],"Outcome":1,"ErrorMessage":null,"ErrorStackTrace":null,"DisplayName":"InsertElemFrom_Test","Messages":[],"ComputerName":null,"Duration":"00:00:00.0002925","StartTime":"2023-05-27T00:13:15.844515+05:00","EndTime":"2023-05-27T00:13:15.8449795+05:00","Properties":[{"Key":{"Id":"ExecutionId","Label":"ExecutionId","Category":"","Description":"","Attributes":1,"ValueType":"System.Guid"},"Value":"00000000-0000-0000-0000-000000000000"},{"Key":{"Id":"ParentExecId","Label":"ParentExecId","Category":"","Description":"","Attributes":1,"ValueType":"System.Guid"},"Value":"00000000-0000-0000-0000-000000000000"},{"Key":{"Id":"InnerResultsCount","Label":"InnerResultsCount","Category":"","Description":"","Attributes":1,"ValueType":"System.Int32"},"Value":0}]},{"TestCase":{"Id":"772e9649-7c31-160a-d767-bb4c602830c7","FullyQualifiedName":"lab4.UnitTest1.FindElemEqualsAverageElems_Test","DisplayName":"FindElemEqualsAverageElems_Test","ExecutorUri":"executor://MSTestAdapter/v2","Source":"D:\\GITHUB\\pnipucpp\\2c-4sem\\csharp\\lab4_test\\bin\\Debug\\net6.0\\fine-code-coverage\\build-output\\lab4_test.dll","CodeFilePath":null,"LineNumber":-1,"Properties":[{"Key":{"Id":"TestCase.ManagedType","Label":"ManagedType","Category":"","Description":"","Attributes":1,"ValueType":"System.String"},"Value":"lab4.UnitTest1"},{"Key":{"Id":"TestCase.ManagedMethod","Label":"ManagedMethod","Category":"","Description":"","Attributes":1,"ValueType":"System.String"},"Value":"FindElemEqualsAverageElems_Test"},{"Key":{"Id":"MSTestDiscoverer.TestClassName","Label":"ClassName","Category":"","Description":"","Attributes":1,"ValueType":"System.String"},"Value":"lab4.UnitTest1"},{"Key":{"Id":"TestCase.Hierarchy","Label":"Hierarchy","Category":"","Description":"","Attributes":2,"ValueType":"System.String[]"},"Value":["lab4","UnitTest1"]},{"Key":{"Id":"TestObject.Traits","Label":"Traits","Category":"","Description":"","Attributes":5,"ValueType":"System.Collections.Generic.KeyValuePair`2[[System.String],[System.String]][]"},"Value":[]}]},"Attachments":[],"Outcome":1,"ErrorMessage":null,"ErrorStackTrace":null,"DisplayName":"FindElemEqualsAverageElems_Test","Messages":[],"ComputerName":null,"Duration":"00:00:00.0004697","StartTime":"2023-05-27T00:13:15.8469536+05:00","EndTime":"2023-05-27T00:13:15.8475361+05:00","Properties":[{"Key":{"Id":"ExecutionId","Label":"ExecutionId","Category":"","Description":"","Attributes":1,"ValueType":"System.Guid"},"Value":"00000000-0000-0000-0000-000000000000"},{"Key":{"Id":"ParentExecId","Label":"ParentExecId","Category":"","Description":"","Attributes":1,"ValueType":"System.Guid"},"Value":"00000000-0000-0000-0000-000000000000"},{"Key":{"Id":"InnerResultsCount","Label":"InnerResultsCount","Category":"","Description":"","Attributes":1,"ValueType":"System.Int32"},"Value":0}]},{"TestCase":{"Id":"1eda6ef6-735b-99f0-c131-de45aba7f1db","FullyQualifiedName":"lab4.UnitTest1.SimpleSwapSort_Test","DisplayName":"SimpleSwapSort_Test","ExecutorUri":"executor://MSTestAdapter/v2","Source":"D:\\GITHUB\\pnipucpp\\2c-4sem\\csharp\\lab4_test\\bin\\Debug\\net6.0\\fine-code-coverage\\build-output\\lab4_test.dll","CodeFilePath":null,"LineNumber":-1,"Properties":[{"Key":{"Id":"TestCase.ManagedType","Label":"ManagedType","Category":"","Description":"","Attributes":1,"ValueType":"System.String"},"Value":"lab4.UnitTest1"},{"Key":{"Id":"TestCase.ManagedMethod","Label":"ManagedMethod","Category":"","Description":"","Attributes":1,"ValueType":"System.String"},"Value":"SimpleSwapSort_Test"},{"Key":{"Id":"MSTestDiscoverer.TestClassName","Label":"ClassName","Category":"","Description":"","Attributes":1,"ValueType":"System.String"},"Value":"lab4.UnitTest1"},{"Key":{"Id":"TestCase.Hierarchy","Label":"Hierarchy","Category":"","Description":"","Attributes":2,"ValueType":"System.String[]"},"Value":["lab4","UnitTest1"]},{"Key":{"Id":"TestObject.Traits","Label":"Traits","Category":"","Description":"","Attributes":5,"ValueType":"System.Collections.Generic.KeyValuePair`2[[System.String],[System.String]][]"},"Value":[]}]},"Attachments":[],"Outcome":1,"ErrorMessage":null,"ErrorStackTrace":null,"DisplayName":"SimpleSwapSort_Test","Messages":[{"Category":"StdOutMsgs","Text":"SimpleSwapSort: number of comparisons 45\r\n"}],"ComputerName":null,"Duration":"00:00:00.0003621","StartTime":"2023-05-27T00:13:15.8491964+05:00","EndTime":"2023-05-27T00:13:15.8497575+05:00","Properties":[{"Key":{"Id":"ExecutionId","Label":"ExecutionId","Category":"","Description":"","Attributes":1,"ValueType":"System.Guid"},"Value":"00000000-0000-0000-0000-000000000000"},{"Key":{"Id":"ParentExecId","Label":"ParentExecId","Category":"","Description":"","Attributes":1,"ValueType":"System.Guid"},"Value":"00000000-0000-0000-0000-000000000000"},{"Key":{"Id":"InnerResultsCount","Label":"InnerResultsCount","Category":"","Description":"","Attributes":1,"ValueType":"System.Int32"},"Value":0}]}],"TestRunStatistics":{"ExecutedTests":4,"Stats":{"Passed":4}},"ActiveTests":[]},"RunAttachments":[],"ExecutorUris":["executor://mstestadapter/v2"]}}
TpTrace Verbose: 0 : 4460, 11, 2023/05/27, 00:13:15.880, 1858289601374, vstest.console.dll, TestRequestSender.EndSession: Sending end session.
TpTrace Verbose: 0 : 4460, 11, 2023/05/27, 00:13:15.880, 1858289602697, vstest.console.dll, ProxyOperationManager.Close: waiting for test host to exit for 100 ms
TpTrace Warning: 0 : 4460, 10, 2023/05/27, 00:13:15.894, 1858289739944, vstest.console.dll, TestHostManagerCallbacks.ErrorReceivedCallback Test host standard error line: 
TpTrace Verbose: 0 : 4460, 10, 2023/05/27, 00:13:15.898, 1858289781569, vstest.console.dll, TestHostProvider.ExitCallBack: Host exited starting callback.
TpTrace Information: 0 : 4460, 10, 2023/05/27, 00:13:15.898, 1858289782885, vstest.console.dll, TestHostManagerCallbacks.ExitCallBack: Testhost processId: 14184 exited with exitcode: 0 error: ''
TpTrace Verbose: 0 : 4460, 10, 2023/05/27, 00:13:15.898, 1858289783307, vstest.console.dll, DotnetTestHostManager.OnHostExited: invoking OnHostExited callback
TpTrace Verbose: 0 : 4460, 10, 2023/05/27, 00:13:15.898, 1858289783738, vstest.console.dll, CrossPlatEngine.TestHostManagerHostExited: calling on client process exit callback.
TpTrace Information: 0 : 4460, 10, 2023/05/27, 00:13:15.898, 1858289784132, vstest.console.dll, TestRequestSender.OnClientProcessExit: Test host process exited. Standard error: 
TpTrace Information: 0 : 4460, 10, 2023/05/27, 00:13:15.898, 1858289784464, vstest.console.dll, SocketServer.Stop: Stop server endPoint: 127.0.0.1:54432
TpTrace Information: 0 : 4460, 10, 2023/05/27, 00:13:15.898, 1858289784700, vstest.console.dll, SocketServer.Stop: Cancellation requested. Stopping message loop.
TpTrace Information: 0 : 4460, 11, 2023/05/27, 00:13:15.899, 1858289785048, vstest.console.dll, SocketServer.Stop: Stop server endPoint: 127.0.0.1:54432
TpTrace Information: 0 : 4460, 11, 2023/05/27, 00:13:15.899, 1858289785583, vstest.console.dll, SocketServer.Stop: Cancellation requested. Stopping message loop.
TpTrace Verbose: 0 : 4460, 10, 2023/05/27, 00:13:15.899, 1858289785289, vstest.console.dll, MulticastDelegateUtilities.SafeInvoke: HostProviderEvents.OnHostExited: Invoking callback 1/1 for Microsoft.VisualStudio.TestPlatform.CrossPlatEngine.Client.ProxyOperationManager., took 0 ms.
TpTrace Information: 0 : 4460, 11, 2023/05/27, 00:13:15.899, 1858289785969, vstest.console.dll, Closing the connection
TpTrace Verbose: 0 : 4460, 11, 2023/05/27, 00:13:15.899, 1858289788217, vstest.console.dll, ProxyDataCollectionManager.InvokeDataCollectionServiceAction: Starting.
TpTrace Information: 0 : 4460, 11, 2023/05/27, 00:13:15.899, 1858289788610, vstest.console.dll, ProxyDataCollectionManager.AfterTestRunEnd: Get attachment set and invoked data collectors processId: 2912 port: 54429
TpTrace Verbose: 0 : 4460, 11, 2023/05/27, 00:13:15.899, 1858289788980, vstest.console.dll, DataCollectionRequestSender.SendAfterTestRunStartAndGetResult: Send AfterTestRunEnd message with isCancelled: False
TpTrace Verbose: 0 : 4460, 11, 2023/05/27, 00:13:15.904, 1858289844076, vstest.console.dll, DataCollectionRequestSender.SendAfterTestRunStartAndGetResult: Received message: (DataCollection.AfterTestRunEndResult) -> {"MessageType":"DataCollection.AfterTestRunEndResult","Payload":{"AttachmentSets":[],"InvokedDataCollectors":[{"Uri":"datacollector://Microsoft/TestPlatform/Extensions/Blame/v1","FriendlyName":"Blame","AssemblyQualifiedName":"Microsoft.TestPlatform.Extensions.BlameDataCollector.BlameCollector, Microsoft.TestPlatform.Extensions.BlameDataCollector, Version=15.0.0.0, Culture=neutral, PublicKeyToken=b03f5f7f11d50a3a","FilePath":"C:\\Program Files\\dotnet\\sdk\\7.0.202\\Extensions\\Microsoft.TestPlatform.Extensions.BlameDataCollector.dll","HasAttachmentProcessor":false}],"Metrics":{}}}
TpTrace Warning: 0 : 4460, 9, 2023/05/27, 00:13:15.914, 1858289935600, vstest.console.dll, DataCollectionLauncher.ErrorReceivedCallback datacollector standard error line: 
TpTrace Information: 0 : 4460, 11, 2023/05/27, 00:13:15.914, 1858289937573, vstest.console.dll, ProxyDataCollectionManager.InvokeDataCollectionServiceAction: Completed.
TpTrace Information: 0 : 4460, 9, 2023/05/27, 00:13:15.918, 1858289980779, vstest.console.dll, DataCollectionLauncher.ExitCallBack: Data collector exited with exitcode: 0 error: ''
TpTrace Verbose: 0 : 4460, 11, 2023/05/27, 00:13:15.976, 1858290558995, vstest.console.dll, TestRunRequest:SendTestRunStatsChange: Starting.
TpTrace Verbose: 0 : 4460, 11, 2023/05/27, 00:13:15.976, 1858290561842, vstest.console.dll, MulticastDelegateUtilities.SafeInvoke: TestRun.RunStatsChanged: Invoking callbacks was skipped because there are no subscribers.
TpTrace Information: 0 : 4460, 11, 2023/05/27, 00:13:15.976, 1858290562254, vstest.console.dll, TestRunRequest:SendTestRunStatsChange: Completed.
TpTrace Verbose: 0 : 4460, 11, 2023/05/27, 00:13:15.977, 1858290565552, vstest.console.dll, ParallelProxyExecutionManager: HandlePartialRunComplete: Total completed clients = 1, Run complete = True, Run canceled: False.
TpTrace Verbose: 0 : 4460, 4, 2023/05/27, 00:13:15.978, 1858290578158, vstest.console.dll, MulticastDelegateUtilities.SafeInvoke: InternalTestLoggerEvents.SendTestResult: Invoking callback 1/1 for Microsoft.VisualStudio.TestPlatform.CommandLine.Internal.ConsoleLogger., took 1 ms.
TpTrace Verbose: 0 : 4460, 4, 2023/05/27, 00:13:15.978, 1858290579850, vstest.console.dll, MulticastDelegateUtilities.SafeInvoke: InternalTestLoggerEvents.SendTestResult: Invoking callback 1/1 for Microsoft.VisualStudio.TestPlatform.CommandLine.Internal.ConsoleLogger., took 0 ms.
TpTrace Verbose: 0 : 4460, 4, 2023/05/27, 00:13:15.978, 1858290580613, vstest.console.dll, MulticastDelegateUtilities.SafeInvoke: InternalTestLoggerEvents.SendTestResult: Invoking callback 1/1 for Microsoft.VisualStudio.TestPlatform.CommandLine.Internal.ConsoleLogger., took 0 ms.
TpTrace Verbose: 0 : 4460, 4, 2023/05/27, 00:13:15.978, 1858290581321, vstest.console.dll, MulticastDelegateUtilities.SafeInvoke: InternalTestLoggerEvents.SendTestResult: Invoking callback 1/1 for Microsoft.VisualStudio.TestPlatform.CommandLine.Internal.ConsoleLogger., took 0 ms.
TpTrace Verbose: 0 : 4460, 4, 2023/05/27, 00:13:15.983, 1858290632463, vstest.console.dll, MulticastDelegateUtilities.SafeInvoke: InternalTestLoggerEvents.SendTestRunComplete: Invoking callback 1/2 for Microsoft.TestPlatform.Extensions.BlameDataCollector.BlameLogger., took 0 ms.
TpTrace Verbose: 0 : 4460, 4, 2023/05/27, 00:13:15.987, 1858290670794, vstest.console.dll, MulticastDelegateUtilities.SafeInvoke: InternalTestLoggerEvents.SendTestRunComplete: Invoking callback 2/2 for Microsoft.VisualStudio.TestPlatform.CommandLine.Internal.ConsoleLogger., took 3 ms.
TpTrace Verbose: 0 : 4460, 11, 2023/05/27, 00:13:15.987, 1858290673487, vstest.console.dll, TestRunRequest:TestRunComplete: Starting. IsAborted:False IsCanceled:False.
TpTrace Verbose: 0 : 4460, 11, 2023/05/27, 00:13:15.988, 1858290681820, vstest.console.dll, TestLoggerManager.HandleTestRunComplete: Ignoring as the object is disposed.
TpTrace Verbose: 0 : 4460, 11, 2023/05/27, 00:13:15.988, 1858290683354, vstest.console.dll, MulticastDelegateUtilities.SafeInvoke: TestRun.TestRunComplete: Invoking callback 1/2 for Microsoft.VisualStudio.TestPlatform.CommandLine.TestRunResultAggregator., took 0 ms.
TpTrace Verbose: 0 : 4460, 11, 2023/05/27, 00:13:15.988, 1858290684422, vstest.console.dll, MulticastDelegateUtilities.SafeInvoke: TestRun.TestRunComplete: Invoking callback 2/2 for Microsoft.VisualStudio.TestPlatform.CommandLine.Processors.RunTestsArgumentExecutor+TestRunRequestEventsRegistrar., took 0 ms.
TpTrace Information: 0 : 4460, 11, 2023/05/27, 00:13:15.989, 1858290685098, vstest.console.dll, TestRunRequest:TestRunComplete: Completed.
TpTrace Verbose: 0 : 4460, 11, 2023/05/27, 00:13:15.989, 1858290685430, vstest.console.dll, TestRequestSender.SetOperationComplete: Setting operation complete.
TpTrace Information: 0 : 4460, 11, 2023/05/27, 00:13:15.989, 1858290685706, vstest.console.dll, SocketServer.Stop: Stop server endPoint: 127.0.0.1:54432
TpTrace Verbose: 0 : 4460, 1, 2023/05/27, 00:13:15.989, 1858290685717, vstest.console.dll, TestRunRequest.Dispose: Starting.
TpTrace Information: 0 : 4460, 1, 2023/05/27, 00:13:15.989, 1858290686445, vstest.console.dll, TestRunRequest.Dispose: Completed.
TpTrace Information: 0 : 4460, 11, 2023/05/27, 00:13:15.989, 1858290685938, vstest.console.dll, SocketServer.Stop: Cancellation requested. Stopping message loop.
TpTrace Verbose: 0 : 4460, 11, 2023/05/27, 00:13:15.989, 1858290687267, vstest.console.dll, MulticastDelegateUtilities.SafeInvoke: LengthPrefixCommunicationChannel: MessageReceived: Invoking callback 1/1 for Microsoft.VisualStudio.TestPlatform.CommunicationUtilities.TestRequestSender+<>c__DisplayClass34_0., took 108 ms.
TpTrace Information: 0 : 4460, 1, 2023/05/27, 00:13:15.989, 1858290686862, vstest.console.dll, TestRequestManager.RunTests: run tests completed.
TpTrace Information: 0 : 4460, 11, 2023/05/27, 00:13:15.989, 1858290687713, vstest.console.dll, SocketServer.PrivateStop: Stopping server endPoint: 127.0.0.1:54432 error: 
TpTrace Information: 0 : 4460, 1, 2023/05/27, 00:13:15.989, 1858290688637, vstest.console.dll, RunTestsArgumentProcessor:Execute: Test run is completed.
TpTrace Verbose: 0 : 4460, 1, 2023/05/27, 00:13:15.989, 1858290690001, vstest.console.dll, Executor.Execute: Exiting with exit code of 0
TpTrace Verbose: 0 : 4460, 11, 2023/05/27, 00:13:15.989, 1858290690906, vstest.console.dll, LengthPrefixCommunicationChannel.Dispose: Dispose reader and writer.
TpTrace Information: 0 : 4460, 11, 2023/05/27, 00:13:15.989, 1858290691458, vstest.console.dll, SocketServer.Stop: Raise disconnected event endPoint: 127.0.0.1:54432 error: 
TpTrace Verbose: 0 : 4460, 11, 2023/05/27, 00:13:15.989, 1858290692167, vstest.console.dll, TestRequestSender: OnTestRunAbort: Operation is already complete. Skip error message.
TpTrace Verbose: 0 : 4460, 11, 2023/05/27, 00:13:15.989, 1858290692526, vstest.console.dll, MulticastDelegateUtilities.SafeInvoke: SocketServer: ClientDisconnected: Invoking callback 1/1 for Microsoft.VisualStudio.TestPlatform.CommunicationUtilities.TestRequestSender., took 0 ms.
TpTrace Verbose: 0 : 4460, 11, 2023/05/27, 00:13:15.989, 1858290692778, vstest.console.dll, TcpClientExtensions.MessageLoopAsync: exiting MessageLoopAsync remoteEndPoint: 127.0.0.1:54433 localEndPoint: 127.0.0.1:54432
