<?xml version="1.0" encoding="utf-8"?>
<coverage line-rate="0.6666" branch-rate="1" version="1.9" timestamp="1685178113" lines-covered="2" lines-valid="3" branches-covered="0" branches-valid="0">
  <sources>
    <source>C:\</source>
    <source>D:\</source>
  </sources>
  <packages>
    <package name="lab10_2_test" line-rate="0.6666" branch-rate="1" complexity="2">
      <classes>
        <class name="AutoGeneratedProgram" filename="Users\asrock\.nuget\packages\microsoft.net.test.sdk\17.3.2\build\netcoreapp2.1\Microsoft.NET.Test.Sdk.Program.cs" line-rate="0" branch-rate="1" complexity="1">
          <methods>
            <method name="Main" signature="(System.String[])" line-rate="0" branch-rate="1" complexity="1">
              <lines>
                <line number="4" hits="0" branch="False" />
              </lines>
            </method>
          </methods>
          <lines>
            <line number="4" hits="0" branch="False" />
          </lines>
        </class>
        <class name="lab10_2_test.UnitTest1" filename="GITHUB\pnipucpp\2c-4sem\csharp\lab10_2_test\UnitTest1.cs" line-rate="1" branch-rate="1" complexity="1">
          <methods>
            <method name="TestMethod1" signature="()" line-rate="1" branch-rate="1" complexity="1">
              <lines>
                <line number="8" hits="1" branch="False" />
                <line number="9" hits="1" branch="False" />
              </lines>
            </method>
          </methods>
          <lines>
            <line number="8" hits="1" branch="False" />
            <line number="9" hits="1" branch="False" />
          </lines>
        </class>
      </classes>
    </package>
  </packages>
</coverage>